2025-01-21 23:43:25,559 - INFO - Бот запущен.
2025-01-21 23:43:25,653 - INFO - Adding job tentatively -- it will be properly scheduled when the scheduler starts
2025-01-21 23:43:26,298 - INFO - HTTP Request: POST https://api.telegram.org/bot7511422141:AAEKOUXryQ0C8xf77uEYJcC9abj_e-lVpMk/getMe "HTTP/1.1 200 OK"
2025-01-21 23:43:26,386 - INFO - HTTP Request: POST https://api.telegram.org/bot7511422141:AAEKOUXryQ0C8xf77uEYJcC9abj_e-lVpMk/deleteWebhook "HTTP/1.1 200 OK"
2025-01-21 23:43:26,387 - INFO - Added job "send_daily_cards" to job store "default"
2025-01-21 23:43:26,388 - INFO - Scheduler started
2025-01-21 23:43:26,388 - INFO - Application started
2025-01-21 23:43:36,724 - INFO - HTTP Request: POST https://api.telegram.org/bot7511422141:AAEKOUXryQ0C8xf77uEYJcC9abj_e-lVpMk/getUpdates "HTTP/1.1 200 OK"
2025-01-21 23:43:46,813 - INFO - HTTP Request: POST https://api.telegram.org/bot7511422141:AAEKOUXryQ0C8xf77uEYJcC9abj_e-lVpMk/getUpdates "HTTP/1.1 200 OK"
2025-01-21 23:43:56,898 - INFO - HTTP Request: POST https://api.telegram.org/bot7511422141:AAEKOUXryQ0C8xf77uEYJcC9abj_e-lVpMk/getUpdates "HTTP/1.1 200 OK"
2025-01-21 23:44:06,981 - INFO - HTTP Request: POST https://api.telegram.org/bot7511422141:AAEKOUXryQ0C8xf77uEYJcC9abj_e-lVpMk/getUpdates "HTTP/1.1 200 OK"
2025-01-21 23:44:14,457 - INFO - HTTP Request: POST https://api.telegram.org/bot7511422141:AAEKOUXryQ0C8xf77uEYJcC9abj_e-lVpMk/getUpdates "HTTP/1.1 200 OK"
2025-01-21 23:44:14,459 - INFO - Получено сообщение от looperproper (334124671): 🃏 Карта дня
2025-01-21 23:44:14,460 - INFO - Пользователь looperproper (334124671) запросил карту дня.
2025-01-21 23:44:14,856 - INFO - HTTP Request: POST https://api.telegram.org/bot7511422141:AAEKOUXryQ0C8xf77uEYJcC9abj_e-lVpMk/sendMessage "HTTP/1.1 200 OK"
2025-01-21 23:44:14,977 - INFO - HTTP Request: POST https://api.telegram.org/bot7511422141:AAEKOUXryQ0C8xf77uEYJcC9abj_e-lVpMk/sendMessage "HTTP/1.1 200 OK"
2025-01-21 23:44:15,345 - INFO - HTTP Request: POST https://api.telegram.org/bot7511422141:AAEKOUXryQ0C8xf77uEYJcC9abj_e-lVpMk/sendPhoto "HTTP/1.1 200 OK"
2025-01-21 23:44:24,567 - INFO - HTTP Request: POST https://api.telegram.org/bot7511422141:AAEKOUXryQ0C8xf77uEYJcC9abj_e-lVpMk/getUpdates "HTTP/1.1 200 OK"
2025-01-21 23:44:34,650 - INFO - HTTP Request: POST https://api.telegram.org/bot7511422141:AAEKOUXryQ0C8xf77uEYJcC9abj_e-lVpMk/getUpdates "HTTP/1.1 200 OK"
2025-01-21 23:44:44,732 - INFO - HTTP Request: POST https://api.telegram.org/bot7511422141:AAEKOUXryQ0C8xf77uEYJcC9abj_e-lVpMk/getUpdates "HTTP/1.1 200 OK"
2025-01-21 23:44:54,815 - INFO - HTTP Request: POST https://api.telegram.org/bot7511422141:AAEKOUXryQ0C8xf77uEYJcC9abj_e-lVpMk/getUpdates "HTTP/1.1 200 OK"
2025-01-21 23:45:04,902 - INFO - HTTP Request: POST https://api.telegram.org/bot7511422141:AAEKOUXryQ0C8xf77uEYJcC9abj_e-lVpMk/getUpdates "HTTP/1.1 200 OK"
2025-01-21 23:45:14,984 - INFO - HTTP Request: POST https://api.telegram.org/bot7511422141:AAEKOUXryQ0C8xf77uEYJcC9abj_e-lVpMk/getUpdates "HTTP/1.1 200 OK"
2025-01-21 23:45:25,066 - INFO - HTTP Request: POST https://api.telegram.org/bot7511422141:AAEKOUXryQ0C8xf77uEYJcC9abj_e-lVpMk/getUpdates "HTTP/1.1 200 OK"
2025-01-21 23:45:35,150 - INFO - HTTP Request: POST https://api.telegram.org/bot7511422141:AAEKOUXryQ0C8xf77uEYJcC9abj_e-lVpMk/getUpdates "HTTP/1.1 200 OK"
2025-01-21 23:45:45,234 - INFO - HTTP Request: POST https://api.telegram.org/bot7511422141:AAEKOUXryQ0C8xf77uEYJcC9abj_e-lVpMk/getUpdates "HTTP/1.1 200 OK"
2025-01-21 23:45:55,319 - INFO - HTTP Request: POST https://api.telegram.org/bot7511422141:AAEKOUXryQ0C8xf77uEYJcC9abj_e-lVpMk/getUpdates "HTTP/1.1 200 OK"
2025-01-21 23:46:05,405 - INFO - HTTP Request: POST https://api.telegram.org/bot7511422141:AAEKOUXryQ0C8xf77uEYJcC9abj_e-lVpMk/getUpdates "HTTP/1.1 200 OK"
2025-01-21 23:46:15,487 - INFO - HTTP Request: POST https://api.telegram.org/bot7511422141:AAEKOUXryQ0C8xf77uEYJcC9abj_e-lVpMk/getUpdates "HTTP/1.1 200 OK"
2025-01-21 23:46:25,571 - INFO - HTTP Request: POST https://api.telegram.org/bot7511422141:AAEKOUXryQ0C8xf77uEYJcC9abj_e-lVpMk/getUpdates "HTTP/1.1 200 OK"
2025-01-21 23:46:35,662 - INFO - HTTP Request: POST https://api.telegram.org/bot7511422141:AAEKOUXryQ0C8xf77uEYJcC9abj_e-lVpMk/getUpdates "HTTP/1.1 200 OK"
2025-01-21 23:46:45,750 - INFO - HTTP Request: POST https://api.telegram.org/bot7511422141:AAEKOUXryQ0C8xf77uEYJcC9abj_e-lVpMk/getUpdates "HTTP/1.1 200 OK"
2025-01-21 23:46:55,830 - INFO - HTTP Request: POST https://api.telegram.org/bot7511422141:AAEKOUXryQ0C8xf77uEYJcC9abj_e-lVpMk/getUpdates "HTTP/1.1 200 OK"
2025-01-21 23:47:05,921 - INFO - HTTP Request: POST https://api.telegram.org/bot7511422141:AAEKOUXryQ0C8xf77uEYJcC9abj_e-lVpMk/getUpdates "HTTP/1.1 200 OK"
2025-01-21 23:47:16,003 - INFO - HTTP Request: POST https://api.telegram.org/bot7511422141:AAEKOUXryQ0C8xf77uEYJcC9abj_e-lVpMk/getUpdates "HTTP/1.1 200 OK"
2025-01-21 23:47:26,086 - INFO - HTTP Request: POST https://api.telegram.org/bot7511422141:AAEKOUXryQ0C8xf77uEYJcC9abj_e-lVpMk/getUpdates "HTTP/1.1 200 OK"
2025-01-21 23:47:36,177 - INFO - HTTP Request: POST https://api.telegram.org/bot7511422141:AAEKOUXryQ0C8xf77uEYJcC9abj_e-lVpMk/getUpdates "HTTP/1.1 200 OK"
2025-01-21 23:47:46,264 - INFO - HTTP Request: POST https://api.telegram.org/bot7511422141:AAEKOUXryQ0C8xf77uEYJcC9abj_e-lVpMk/getUpdates "HTTP/1.1 200 OK"
2025-01-21 23:47:56,344 - INFO - HTTP Request: POST https://api.telegram.org/bot7511422141:AAEKOUXryQ0C8xf77uEYJcC9abj_e-lVpMk/getUpdates "HTTP/1.1 200 OK"
2025-01-21 23:48:06,431 - INFO - HTTP Request: POST https://api.telegram.org/bot7511422141:AAEKOUXryQ0C8xf77uEYJcC9abj_e-lVpMk/getUpdates "HTTP/1.1 200 OK"
2025-01-21 23:48:16,516 - INFO - HTTP Request: POST https://api.telegram.org/bot7511422141:AAEKOUXryQ0C8xf77uEYJcC9abj_e-lVpMk/getUpdates "HTTP/1.1 200 OK"
2025-01-21 23:48:26,600 - INFO - HTTP Request: POST https://api.telegram.org/bot7511422141:AAEKOUXryQ0C8xf77uEYJcC9abj_e-lVpMk/getUpdates "HTTP/1.1 200 OK"
2025-01-21 23:48:36,681 - INFO - HTTP Request: POST https://api.telegram.org/bot7511422141:AAEKOUXryQ0C8xf77uEYJcC9abj_e-lVpMk/getUpdates "HTTP/1.1 200 OK"
2025-01-21 23:48:46,765 - INFO - HTTP Request: POST https://api.telegram.org/bot7511422141:AAEKOUXryQ0C8xf77uEYJcC9abj_e-lVpMk/getUpdates "HTTP/1.1 200 OK"
2025-01-21 23:48:56,855 - INFO - HTTP Request: POST https://api.telegram.org/bot7511422141:AAEKOUXryQ0C8xf77uEYJcC9abj_e-lVpMk/getUpdates "HTTP/1.1 200 OK"
2025-01-21 23:49:06,937 - INFO - HTTP Request: POST https://api.telegram.org/bot7511422141:AAEKOUXryQ0C8xf77uEYJcC9abj_e-lVpMk/getUpdates "HTTP/1.1 200 OK"
2025-01-21 23:49:17,042 - INFO - HTTP Request: POST https://api.telegram.org/bot7511422141:AAEKOUXryQ0C8xf77uEYJcC9abj_e-lVpMk/getUpdates "HTTP/1.1 200 OK"
2025-01-21 23:49:27,124 - INFO - HTTP Request: POST https://api.telegram.org/bot7511422141:AAEKOUXryQ0C8xf77uEYJcC9abj_e-lVpMk/getUpdates "HTTP/1.1 200 OK"
2025-01-21 23:49:37,208 - INFO - HTTP Request: POST https://api.telegram.org/bot7511422141:AAEKOUXryQ0C8xf77uEYJcC9abj_e-lVpMk/getUpdates "HTTP/1.1 200 OK"
2025-01-21 23:49:47,292 - INFO - HTTP Request: POST https://api.telegram.org/bot7511422141:AAEKOUXryQ0C8xf77uEYJcC9abj_e-lVpMk/getUpdates "HTTP/1.1 200 OK"
2025-01-21 23:49:57,373 - INFO - HTTP Request: POST https://api.telegram.org/bot7511422141:AAEKOUXryQ0C8xf77uEYJcC9abj_e-lVpMk/getUpdates "HTTP/1.1 200 OK"
2025-01-21 23:50:07,458 - INFO - HTTP Request: POST https://api.telegram.org/bot7511422141:AAEKOUXryQ0C8xf77uEYJcC9abj_e-lVpMk/getUpdates "HTTP/1.1 200 OK"
2025-01-21 23:50:17,546 - INFO - HTTP Request: POST https://api.telegram.org/bot7511422141:AAEKOUXryQ0C8xf77uEYJcC9abj_e-lVpMk/getUpdates "HTTP/1.1 200 OK"
2025-01-21 23:50:27,628 - INFO - HTTP Request: POST https://api.telegram.org/bot7511422141:AAEKOUXryQ0C8xf77uEYJcC9abj_e-lVpMk/getUpdates "HTTP/1.1 200 OK"
2025-01-21 23:50:37,709 - INFO - HTTP Request: POST https://api.telegram.org/bot7511422141:AAEKOUXryQ0C8xf77uEYJcC9abj_e-lVpMk/getUpdates "HTTP/1.1 200 OK"
2025-01-21 23:50:47,796 - INFO - HTTP Request: POST https://api.telegram.org/bot7511422141:AAEKOUXryQ0C8xf77uEYJcC9abj_e-lVpMk/getUpdates "HTTP/1.1 200 OK"
2025-01-21 23:50:57,879 - INFO - HTTP Request: POST https://api.telegram.org/bot7511422141:AAEKOUXryQ0C8xf77uEYJcC9abj_e-lVpMk/getUpdates "HTTP/1.1 200 OK"
2025-01-21 23:51:07,961 - INFO - HTTP Request: POST https://api.telegram.org/bot7511422141:AAEKOUXryQ0C8xf77uEYJcC9abj_e-lVpMk/getUpdates "HTTP/1.1 200 OK"
2025-01-21 23:51:18,045 - INFO - HTTP Request: POST https://api.telegram.org/bot7511422141:AAEKOUXryQ0C8xf77uEYJcC9abj_e-lVpMk/getUpdates "HTTP/1.1 200 OK"
2025-01-21 23:51:28,126 - INFO - HTTP Request: POST https://api.telegram.org/bot7511422141:AAEKOUXryQ0C8xf77uEYJcC9abj_e-lVpMk/getUpdates "HTTP/1.1 200 OK"
2025-01-21 23:51:38,207 - INFO - HTTP Request: POST https://api.telegram.org/bot7511422141:AAEKOUXryQ0C8xf77uEYJcC9abj_e-lVpMk/getUpdates "HTTP/1.1 200 OK"
2025-01-21 23:51:48,290 - INFO - HTTP Request: POST https://api.telegram.org/bot7511422141:AAEKOUXryQ0C8xf77uEYJcC9abj_e-lVpMk/getUpdates "HTTP/1.1 200 OK"
2025-01-21 23:51:58,371 - INFO - HTTP Request: POST https://api.telegram.org/bot7511422141:AAEKOUXryQ0C8xf77uEYJcC9abj_e-lVpMk/getUpdates "HTTP/1.1 200 OK"
2025-01-21 23:52:08,462 - INFO - HTTP Request: POST https://api.telegram.org/bot7511422141:AAEKOUXryQ0C8xf77uEYJcC9abj_e-lVpMk/getUpdates "HTTP/1.1 200 OK"
2025-01-21 23:52:18,551 - INFO - HTTP Request: POST https://api.telegram.org/bot7511422141:AAEKOUXryQ0C8xf77uEYJcC9abj_e-lVpMk/getUpdates "HTTP/1.1 200 OK"
2025-01-21 23:52:28,633 - INFO - HTTP Request: POST https://api.telegram.org/bot7511422141:AAEKOUXryQ0C8xf77uEYJcC9abj_e-lVpMk/getUpdates "HTTP/1.1 200 OK"
2025-01-21 23:52:38,718 - INFO - HTTP Request: POST https://api.telegram.org/bot7511422141:AAEKOUXryQ0C8xf77uEYJcC9abj_e-lVpMk/getUpdates "HTTP/1.1 200 OK"
2025-01-21 23:52:48,804 - INFO - HTTP Request: POST https://api.telegram.org/bot7511422141:AAEKOUXryQ0C8xf77uEYJcC9abj_e-lVpMk/getUpdates "HTTP/1.1 200 OK"
2025-01-21 23:52:58,915 - INFO - HTTP Request: POST https://api.telegram.org/bot7511422141:AAEKOUXryQ0C8xf77uEYJcC9abj_e-lVpMk/getUpdates "HTTP/1.1 200 OK"
2025-01-21 23:53:09,002 - INFO - HTTP Request: POST https://api.telegram.org/bot7511422141:AAEKOUXryQ0C8xf77uEYJcC9abj_e-lVpMk/getUpdates "HTTP/1.1 200 OK"
2025-01-21 23:53:19,092 - INFO - HTTP Request: POST https://api.telegram.org/bot7511422141:AAEKOUXryQ0C8xf77uEYJcC9abj_e-lVpMk/getUpdates "HTTP/1.1 200 OK"
2025-01-21 23:53:29,173 - INFO - HTTP Request: POST https://api.telegram.org/bot7511422141:AAEKOUXryQ0C8xf77uEYJcC9abj_e-lVpMk/getUpdates "HTTP/1.1 200 OK"
2025-01-21 23:53:39,273 - INFO - HTTP Request: POST https://api.telegram.org/bot7511422141:AAEKOUXryQ0C8xf77uEYJcC9abj_e-lVpMk/getUpdates "HTTP/1.1 200 OK"
2025-01-21 23:53:49,354 - INFO - HTTP Request: POST https://api.telegram.org/bot7511422141:AAEKOUXryQ0C8xf77uEYJcC9abj_e-lVpMk/getUpdates "HTTP/1.1 200 OK"
2025-01-21 23:53:59,437 - INFO - HTTP Request: POST https://api.telegram.org/bot7511422141:AAEKOUXryQ0C8xf77uEYJcC9abj_e-lVpMk/getUpdates "HTTP/1.1 200 OK"
2025-01-21 23:54:09,539 - INFO - HTTP Request: POST https://api.telegram.org/bot7511422141:AAEKOUXryQ0C8xf77uEYJcC9abj_e-lVpMk/getUpdates "HTTP/1.1 200 OK"
2025-01-21 23:54:19,621 - INFO - HTTP Request: POST https://api.telegram.org/bot7511422141:AAEKOUXryQ0C8xf77uEYJcC9abj_e-lVpMk/getUpdates "HTTP/1.1 200 OK"
2025-01-21 23:54:29,703 - INFO - HTTP Request: POST https://api.telegram.org/bot7511422141:AAEKOUXryQ0C8xf77uEYJcC9abj_e-lVpMk/getUpdates "HTTP/1.1 200 OK"
2025-01-21 23:54:39,786 - INFO - HTTP Request: POST https://api.telegram.org/bot7511422141:AAEKOUXryQ0C8xf77uEYJcC9abj_e-lVpMk/getUpdates "HTTP/1.1 200 OK"
2025-01-21 23:54:49,869 - INFO - HTTP Request: POST https://api.telegram.org/bot7511422141:AAEKOUXryQ0C8xf77uEYJcC9abj_e-lVpMk/getUpdates "HTTP/1.1 200 OK"
2025-01-21 23:54:59,952 - INFO - HTTP Request: POST https://api.telegram.org/bot7511422141:AAEKOUXryQ0C8xf77uEYJcC9abj_e-lVpMk/getUpdates "HTTP/1.1 200 OK"
2025-01-21 23:55:10,090 - INFO - HTTP Request: POST https://api.telegram.org/bot7511422141:AAEKOUXryQ0C8xf77uEYJcC9abj_e-lVpMk/getUpdates "HTTP/1.1 200 OK"
2025-01-21 23:55:20,171 - INFO - HTTP Request: POST https://api.telegram.org/bot7511422141:AAEKOUXryQ0C8xf77uEYJcC9abj_e-lVpMk/getUpdates "HTTP/1.1 200 OK"
2025-01-21 23:55:30,255 - INFO - HTTP Request: POST https://api.telegram.org/bot7511422141:AAEKOUXryQ0C8xf77uEYJcC9abj_e-lVpMk/getUpdates "HTTP/1.1 200 OK"
2025-01-21 23:55:40,336 - INFO - HTTP Request: POST https://api.telegram.org/bot7511422141:AAEKOUXryQ0C8xf77uEYJcC9abj_e-lVpMk/getUpdates "HTTP/1.1 200 OK"
2025-01-21 23:55:50,419 - INFO - HTTP Request: POST https://api.telegram.org/bot7511422141:AAEKOUXryQ0C8xf77uEYJcC9abj_e-lVpMk/getUpdates "HTTP/1.1 200 OK"
2025-01-21 23:56:00,501 - INFO - HTTP Request: POST https://api.telegram.org/bot7511422141:AAEKOUXryQ0C8xf77uEYJcC9abj_e-lVpMk/getUpdates "HTTP/1.1 200 OK"
2025-01-21 23:56:10,584 - INFO - HTTP Request: POST https://api.telegram.org/bot7511422141:AAEKOUXryQ0C8xf77uEYJcC9abj_e-lVpMk/getUpdates "HTTP/1.1 200 OK"
2025-01-21 23:56:20,667 - INFO - HTTP Request: POST https://api.telegram.org/bot7511422141:AAEKOUXryQ0C8xf77uEYJcC9abj_e-lVpMk/getUpdates "HTTP/1.1 200 OK"
2025-01-21 23:56:30,749 - INFO - HTTP Request: POST https://api.telegram.org/bot7511422141:AAEKOUXryQ0C8xf77uEYJcC9abj_e-lVpMk/getUpdates "HTTP/1.1 200 OK"
2025-01-21 23:56:40,831 - INFO - HTTP Request: POST https://api.telegram.org/bot7511422141:AAEKOUXryQ0C8xf77uEYJcC9abj_e-lVpMk/getUpdates "HTTP/1.1 200 OK"
2025-01-21 23:56:50,913 - INFO - HTTP Request: POST https://api.telegram.org/bot7511422141:AAEKOUXryQ0C8xf77uEYJcC9abj_e-lVpMk/getUpdates "HTTP/1.1 200 OK"
2025-01-21 23:57:00,996 - INFO - HTTP Request: POST https://api.telegram.org/bot7511422141:AAEKOUXryQ0C8xf77uEYJcC9abj_e-lVpMk/getUpdates "HTTP/1.1 200 OK"
2025-01-21 23:57:11,080 - INFO - HTTP Request: POST https://api.telegram.org/bot7511422141:AAEKOUXryQ0C8xf77uEYJcC9abj_e-lVpMk/getUpdates "HTTP/1.1 200 OK"
2025-01-21 23:57:21,161 - INFO - HTTP Request: POST https://api.telegram.org/bot7511422141:AAEKOUXryQ0C8xf77uEYJcC9abj_e-lVpMk/getUpdates "HTTP/1.1 200 OK"
2025-01-21 23:57:31,242 - INFO - HTTP Request: POST https://api.telegram.org/bot7511422141:AAEKOUXryQ0C8xf77uEYJcC9abj_e-lVpMk/getUpdates "HTTP/1.1 200 OK"
2025-01-21 23:57:41,324 - INFO - HTTP Request: POST https://api.telegram.org/bot7511422141:AAEKOUXryQ0C8xf77uEYJcC9abj_e-lVpMk/getUpdates "HTTP/1.1 200 OK"
2025-01-21 23:57:51,407 - INFO - HTTP Request: POST https://api.telegram.org/bot7511422141:AAEKOUXryQ0C8xf77uEYJcC9abj_e-lVpMk/getUpdates "HTTP/1.1 200 OK"
2025-01-21 23:58:01,488 - INFO - HTTP Request: POST https://api.telegram.org/bot7511422141:AAEKOUXryQ0C8xf77uEYJcC9abj_e-lVpMk/getUpdates "HTTP/1.1 200 OK"
2025-01-21 23:58:11,569 - INFO - HTTP Request: POST https://api.telegram.org/bot7511422141:AAEKOUXryQ0C8xf77uEYJcC9abj_e-lVpMk/getUpdates "HTTP/1.1 200 OK"
2025-01-21 23:58:21,652 - INFO - HTTP Request: POST https://api.telegram.org/bot7511422141:AAEKOUXryQ0C8xf77uEYJcC9abj_e-lVpMk/getUpdates "HTTP/1.1 200 OK"
2025-01-21 23:58:31,733 - INFO - HTTP Request: POST https://api.telegram.org/bot7511422141:AAEKOUXryQ0C8xf77uEYJcC9abj_e-lVpMk/getUpdates "HTTP/1.1 200 OK"
2025-01-21 23:58:41,818 - INFO - HTTP Request: POST https://api.telegram.org/bot7511422141:AAEKOUXryQ0C8xf77uEYJcC9abj_e-lVpMk/getUpdates "HTTP/1.1 200 OK"
2025-01-21 23:58:51,899 - INFO - HTTP Request: POST https://api.telegram.org/bot7511422141:AAEKOUXryQ0C8xf77uEYJcC9abj_e-lVpMk/getUpdates "HTTP/1.1 200 OK"
2025-01-21 23:59:01,986 - INFO - HTTP Request: POST https://api.telegram.org/bot7511422141:AAEKOUXryQ0C8xf77uEYJcC9abj_e-lVpMk/getUpdates "HTTP/1.1 200 OK"
2025-01-21 23:59:12,068 - INFO - HTTP Request: POST https://api.telegram.org/bot7511422141:AAEKOUXryQ0C8xf77uEYJcC9abj_e-lVpMk/getUpdates "HTTP/1.1 200 OK"
2025-01-21 23:59:22,149 - INFO - HTTP Request: POST https://api.telegram.org/bot7511422141:AAEKOUXryQ0C8xf77uEYJcC9abj_e-lVpMk/getUpdates "HTTP/1.1 200 OK"
2025-01-21 23:59:32,231 - INFO - HTTP Request: POST https://api.telegram.org/bot7511422141:AAEKOUXryQ0C8xf77uEYJcC9abj_e-lVpMk/getUpdates "HTTP/1.1 200 OK"
2025-01-21 23:59:42,314 - INFO - HTTP Request: POST https://api.telegram.org/bot7511422141:AAEKOUXryQ0C8xf77uEYJcC9abj_e-lVpMk/getUpdates "HTTP/1.1 200 OK"
2025-01-21 23:59:52,395 - INFO - HTTP Request: POST https://api.telegram.org/bot7511422141:AAEKOUXryQ0C8xf77uEYJcC9abj_e-lVpMk/getUpdates "HTTP/1.1 200 OK"
2025-01-22 00:00:02,476 - INFO - HTTP Request: POST https://api.telegram.org/bot7511422141:AAEKOUXryQ0C8xf77uEYJcC9abj_e-lVpMk/getUpdates "HTTP/1.1 200 OK"
2025-01-22 00:00:12,558 - INFO - HTTP Request: POST https://api.telegram.org/bot7511422141:AAEKOUXryQ0C8xf77uEYJcC9abj_e-lVpMk/getUpdates "HTTP/1.1 200 OK"
2025-01-22 00:00:23,158 - INFO - HTTP Request: POST https://api.telegram.org/bot7511422141:AAEKOUXryQ0C8xf77uEYJcC9abj_e-lVpMk/getUpdates "HTTP/1.1 200 OK"
2025-01-22 00:00:33,250 - INFO - HTTP Request: POST https://api.telegram.org/bot7511422141:AAEKOUXryQ0C8xf77uEYJcC9abj_e-lVpMk/getUpdates "HTTP/1.1 200 OK"
2025-01-22 00:00:43,335 - INFO - HTTP Request: POST https://api.telegram.org/bot7511422141:AAEKOUXryQ0C8xf77uEYJcC9abj_e-lVpMk/getUpdates "HTTP/1.1 200 OK"
2025-01-22 00:00:53,421 - INFO - HTTP Request: POST https://api.telegram.org/bot7511422141:AAEKOUXryQ0C8xf77uEYJcC9abj_e-lVpMk/getUpdates "HTTP/1.1 200 OK"
2025-01-22 00:01:03,515 - INFO - HTTP Request: POST https://api.telegram.org/bot7511422141:AAEKOUXryQ0C8xf77uEYJcC9abj_e-lVpMk/getUpdates "HTTP/1.1 200 OK"
2025-01-22 00:01:13,605 - INFO - HTTP Request: POST https://api.telegram.org/bot7511422141:AAEKOUXryQ0C8xf77uEYJcC9abj_e-lVpMk/getUpdates "HTTP/1.1 200 OK"
2025-01-22 00:01:23,690 - INFO - HTTP Request: POST https://api.telegram.org/bot7511422141:AAEKOUXryQ0C8xf77uEYJcC9abj_e-lVpMk/getUpdates "HTTP/1.1 200 OK"
2025-01-22 00:01:33,777 - INFO - HTTP Request: POST https://api.telegram.org/bot7511422141:AAEKOUXryQ0C8xf77uEYJcC9abj_e-lVpMk/getUpdates "HTTP/1.1 200 OK"
2025-01-22 00:01:43,862 - INFO - HTTP Request: POST https://api.telegram.org/bot7511422141:AAEKOUXryQ0C8xf77uEYJcC9abj_e-lVpMk/getUpdates "HTTP/1.1 200 OK"
2025-01-22 00:01:53,949 - INFO - HTTP Request: POST https://api.telegram.org/bot7511422141:AAEKOUXryQ0C8xf77uEYJcC9abj_e-lVpMk/getUpdates "HTTP/1.1 200 OK"
2025-01-22 00:02:04,038 - INFO - HTTP Request: POST https://api.telegram.org/bot7511422141:AAEKOUXryQ0C8xf77uEYJcC9abj_e-lVpMk/getUpdates "HTTP/1.1 200 OK"
2025-01-22 00:02:14,124 - INFO - HTTP Request: POST https://api.telegram.org/bot7511422141:AAEKOUXryQ0C8xf77uEYJcC9abj_e-lVpMk/getUpdates "HTTP/1.1 200 OK"
2025-01-22 00:02:24,210 - INFO - HTTP Request: POST https://api.telegram.org/bot7511422141:AAEKOUXryQ0C8xf77uEYJcC9abj_e-lVpMk/getUpdates "HTTP/1.1 200 OK"
2025-01-22 00:02:34,297 - INFO - HTTP Request: POST https://api.telegram.org/bot7511422141:AAEKOUXryQ0C8xf77uEYJcC9abj_e-lVpMk/getUpdates "HTTP/1.1 200 OK"
2025-01-22 00:02:44,382 - INFO - HTTP Request: POST https://api.telegram.org/bot7511422141:AAEKOUXryQ0C8xf77uEYJcC9abj_e-lVpMk/getUpdates "HTTP/1.1 200 OK"
2025-01-22 00:02:54,471 - INFO - HTTP Request: POST https://api.telegram.org/bot7511422141:AAEKOUXryQ0C8xf77uEYJcC9abj_e-lVpMk/getUpdates "HTTP/1.1 200 OK"
2025-01-22 00:03:04,557 - INFO - HTTP Request: POST https://api.telegram.org/bot7511422141:AAEKOUXryQ0C8xf77uEYJcC9abj_e-lVpMk/getUpdates "HTTP/1.1 200 OK"
2025-01-22 00:03:14,643 - INFO - HTTP Request: POST https://api.telegram.org/bot7511422141:AAEKOUXryQ0C8xf77uEYJcC9abj_e-lVpMk/getUpdates "HTTP/1.1 200 OK"
2025-01-22 00:03:24,729 - INFO - HTTP Request: POST https://api.telegram.org/bot7511422141:AAEKOUXryQ0C8xf77uEYJcC9abj_e-lVpMk/getUpdates "HTTP/1.1 200 OK"
2025-01-22 00:03:34,815 - INFO - HTTP Request: POST https://api.telegram.org/bot7511422141:AAEKOUXryQ0C8xf77uEYJcC9abj_e-lVpMk/getUpdates "HTTP/1.1 200 OK"
2025-01-22 00:03:44,902 - INFO - HTTP Request: POST https://api.telegram.org/bot7511422141:AAEKOUXryQ0C8xf77uEYJcC9abj_e-lVpMk/getUpdates "HTTP/1.1 200 OK"
2025-01-22 00:03:54,989 - INFO - HTTP Request: POST https://api.telegram.org/bot7511422141:AAEKOUXryQ0C8xf77uEYJcC9abj_e-lVpMk/getUpdates "HTTP/1.1 200 OK"
2025-01-22 00:04:05,075 - INFO - HTTP Request: POST https://api.telegram.org/bot7511422141:AAEKOUXryQ0C8xf77uEYJcC9abj_e-lVpMk/getUpdates "HTTP/1.1 200 OK"
2025-01-22 00:04:15,162 - INFO - HTTP Request: POST https://api.telegram.org/bot7511422141:AAEKOUXryQ0C8xf77uEYJcC9abj_e-lVpMk/getUpdates "HTTP/1.1 200 OK"
2025-01-22 00:04:25,248 - INFO - HTTP Request: POST https://api.telegram.org/bot7511422141:AAEKOUXryQ0C8xf77uEYJcC9abj_e-lVpMk/getUpdates "HTTP/1.1 200 OK"
2025-01-22 00:04:35,334 - INFO - HTTP Request: POST https://api.telegram.org/bot7511422141:AAEKOUXryQ0C8xf77uEYJcC9abj_e-lVpMk/getUpdates "HTTP/1.1 200 OK"
2025-01-22 00:04:45,420 - INFO - HTTP Request: POST https://api.telegram.org/bot7511422141:AAEKOUXryQ0C8xf77uEYJcC9abj_e-lVpMk/getUpdates "HTTP/1.1 200 OK"
2025-01-22 00:04:55,509 - INFO - HTTP Request: POST https://api.telegram.org/bot7511422141:AAEKOUXryQ0C8xf77uEYJcC9abj_e-lVpMk/getUpdates "HTTP/1.1 200 OK"
2025-01-22 00:05:05,598 - INFO - HTTP Request: POST https://api.telegram.org/bot7511422141:AAEKOUXryQ0C8xf77uEYJcC9abj_e-lVpMk/getUpdates "HTTP/1.1 200 OK"
2025-01-22 00:05:15,687 - INFO - HTTP Request: POST https://api.telegram.org/bot7511422141:AAEKOUXryQ0C8xf77uEYJcC9abj_e-lVpMk/getUpdates "HTTP/1.1 200 OK"
2025-01-22 00:05:25,773 - INFO - HTTP Request: POST https://api.telegram.org/bot7511422141:AAEKOUXryQ0C8xf77uEYJcC9abj_e-lVpMk/getUpdates "HTTP/1.1 200 OK"
2025-01-22 00:05:35,857 - INFO - HTTP Request: POST https://api.telegram.org/bot7511422141:AAEKOUXryQ0C8xf77uEYJcC9abj_e-lVpMk/getUpdates "HTTP/1.1 200 OK"
2025-01-22 00:05:45,943 - INFO - HTTP Request: POST https://api.telegram.org/bot7511422141:AAEKOUXryQ0C8xf77uEYJcC9abj_e-lVpMk/getUpdates "HTTP/1.1 200 OK"
2025-01-22 00:05:56,028 - INFO - HTTP Request: POST https://api.telegram.org/bot7511422141:AAEKOUXryQ0C8xf77uEYJcC9abj_e-lVpMk/getUpdates "HTTP/1.1 200 OK"
2025-01-22 00:06:06,114 - INFO - HTTP Request: POST https://api.telegram.org/bot7511422141:AAEKOUXryQ0C8xf77uEYJcC9abj_e-lVpMk/getUpdates "HTTP/1.1 200 OK"
2025-01-22 00:06:16,200 - INFO - HTTP Request: POST https://api.telegram.org/bot7511422141:AAEKOUXryQ0C8xf77uEYJcC9abj_e-lVpMk/getUpdates "HTTP/1.1 200 OK"
2025-01-22 00:06:26,284 - INFO - HTTP Request: POST https://api.telegram.org/bot7511422141:AAEKOUXryQ0C8xf77uEYJcC9abj_e-lVpMk/getUpdates "HTTP/1.1 200 OK"
2025-01-22 00:06:36,373 - INFO - HTTP Request: POST https://api.telegram.org/bot7511422141:AAEKOUXryQ0C8xf77uEYJcC9abj_e-lVpMk/getUpdates "HTTP/1.1 200 OK"
2025-01-22 00:06:46,458 - INFO - HTTP Request: POST https://api.telegram.org/bot7511422141:AAEKOUXryQ0C8xf77uEYJcC9abj_e-lVpMk/getUpdates "HTTP/1.1 200 OK"
2025-01-22 00:06:56,545 - INFO - HTTP Request: POST https://api.telegram.org/bot7511422141:AAEKOUXryQ0C8xf77uEYJcC9abj_e-lVpMk/getUpdates "HTTP/1.1 200 OK"
2025-01-22 00:07:06,635 - INFO - HTTP Request: POST https://api.telegram.org/bot7511422141:AAEKOUXryQ0C8xf77uEYJcC9abj_e-lVpMk/getUpdates "HTTP/1.1 200 OK"
2025-01-22 00:07:16,721 - INFO - HTTP Request: POST https://api.telegram.org/bot7511422141:AAEKOUXryQ0C8xf77uEYJcC9abj_e-lVpMk/getUpdates "HTTP/1.1 200 OK"
2025-01-22 00:07:26,806 - INFO - HTTP Request: POST https://api.telegram.org/bot7511422141:AAEKOUXryQ0C8xf77uEYJcC9abj_e-lVpMk/getUpdates "HTTP/1.1 200 OK"
2025-01-22 00:07:36,893 - INFO - HTTP Request: POST https://api.telegram.org/bot7511422141:AAEKOUXryQ0C8xf77uEYJcC9abj_e-lVpMk/getUpdates "HTTP/1.1 200 OK"
2025-01-22 00:07:46,979 - INFO - HTTP Request: POST https://api.telegram.org/bot7511422141:AAEKOUXryQ0C8xf77uEYJcC9abj_e-lVpMk/getUpdates "HTTP/1.1 200 OK"
2025-01-22 00:07:57,073 - INFO - HTTP Request: POST https://api.telegram.org/bot7511422141:AAEKOUXryQ0C8xf77uEYJcC9abj_e-lVpMk/getUpdates "HTTP/1.1 200 OK"
2025-01-22 00:08:07,158 - INFO - HTTP Request: POST https://api.telegram.org/bot7511422141:AAEKOUXryQ0C8xf77uEYJcC9abj_e-lVpMk/getUpdates "HTTP/1.1 200 OK"
2025-01-22 00:08:17,244 - INFO - HTTP Request: POST https://api.telegram.org/bot7511422141:AAEKOUXryQ0C8xf77uEYJcC9abj_e-lVpMk/getUpdates "HTTP/1.1 200 OK"
2025-01-22 00:08:27,333 - INFO - HTTP Request: POST https://api.telegram.org/bot7511422141:AAEKOUXryQ0C8xf77uEYJcC9abj_e-lVpMk/getUpdates "HTTP/1.1 200 OK"
2025-01-22 00:08:37,420 - INFO - HTTP Request: POST https://api.telegram.org/bot7511422141:AAEKOUXryQ0C8xf77uEYJcC9abj_e-lVpMk/getUpdates "HTTP/1.1 200 OK"
2025-01-22 00:08:47,507 - INFO - HTTP Request: POST https://api.telegram.org/bot7511422141:AAEKOUXryQ0C8xf77uEYJcC9abj_e-lVpMk/getUpdates "HTTP/1.1 200 OK"
2025-01-22 00:08:57,594 - INFO - HTTP Request: POST https://api.telegram.org/bot7511422141:AAEKOUXryQ0C8xf77uEYJcC9abj_e-lVpMk/getUpdates "HTTP/1.1 200 OK"
2025-01-22 00:09:07,679 - INFO - HTTP Request: POST https://api.telegram.org/bot7511422141:AAEKOUXryQ0C8xf77uEYJcC9abj_e-lVpMk/getUpdates "HTTP/1.1 200 OK"
2025-01-22 00:09:17,772 - INFO - HTTP Request: POST https://api.telegram.org/bot7511422141:AAEKOUXryQ0C8xf77uEYJcC9abj_e-lVpMk/getUpdates "HTTP/1.1 200 OK"
2025-01-22 00:09:27,858 - INFO - HTTP Request: POST https://api.telegram.org/bot7511422141:AAEKOUXryQ0C8xf77uEYJcC9abj_e-lVpMk/getUpdates "HTTP/1.1 200 OK"
2025-01-22 00:09:37,944 - INFO - HTTP Request: POST https://api.telegram.org/bot7511422141:AAEKOUXryQ0C8xf77uEYJcC9abj_e-lVpMk/getUpdates "HTTP/1.1 200 OK"
2025-01-22 00:09:48,031 - INFO - HTTP Request: POST https://api.telegram.org/bot7511422141:AAEKOUXryQ0C8xf77uEYJcC9abj_e-lVpMk/getUpdates "HTTP/1.1 200 OK"
2025-01-22 00:09:58,117 - INFO - HTTP Request: POST https://api.telegram.org/bot7511422141:AAEKOUXryQ0C8xf77uEYJcC9abj_e-lVpMk/getUpdates "HTTP/1.1 200 OK"
2025-01-22 00:10:08,202 - INFO - HTTP Request: POST https://api.telegram.org/bot7511422141:AAEKOUXryQ0C8xf77uEYJcC9abj_e-lVpMk/getUpdates "HTTP/1.1 200 OK"
2025-01-22 00:10:18,289 - INFO - HTTP Request: POST https://api.telegram.org/bot7511422141:AAEKOUXryQ0C8xf77uEYJcC9abj_e-lVpMk/getUpdates "HTTP/1.1 200 OK"
2025-01-22 00:10:28,402 - INFO - HTTP Request: POST https://api.telegram.org/bot7511422141:AAEKOUXryQ0C8xf77uEYJcC9abj_e-lVpMk/getUpdates "HTTP/1.1 200 OK"
2025-01-22 00:10:38,488 - INFO - HTTP Request: POST https://api.telegram.org/bot7511422141:AAEKOUXryQ0C8xf77uEYJcC9abj_e-lVpMk/getUpdates "HTTP/1.1 200 OK"
2025-01-22 00:10:48,572 - INFO - HTTP Request: POST https://api.telegram.org/bot7511422141:AAEKOUXryQ0C8xf77uEYJcC9abj_e-lVpMk/getUpdates "HTTP/1.1 200 OK"
2025-01-22 00:10:58,657 - INFO - HTTP Request: POST https://api.telegram.org/bot7511422141:AAEKOUXryQ0C8xf77uEYJcC9abj_e-lVpMk/getUpdates "HTTP/1.1 200 OK"
2025-01-22 00:11:08,742 - INFO - HTTP Request: POST https://api.telegram.org/bot7511422141:AAEKOUXryQ0C8xf77uEYJcC9abj_e-lVpMk/getUpdates "HTTP/1.1 200 OK"
2025-01-22 00:11:18,827 - INFO - HTTP Request: POST https://api.telegram.org/bot7511422141:AAEKOUXryQ0C8xf77uEYJcC9abj_e-lVpMk/getUpdates "HTTP/1.1 200 OK"
2025-01-22 00:11:28,913 - INFO - HTTP Request: POST https://api.telegram.org/bot7511422141:AAEKOUXryQ0C8xf77uEYJcC9abj_e-lVpMk/getUpdates "HTTP/1.1 200 OK"
2025-01-22 00:11:38,997 - INFO - HTTP Request: POST https://api.telegram.org/bot7511422141:AAEKOUXryQ0C8xf77uEYJcC9abj_e-lVpMk/getUpdates "HTTP/1.1 200 OK"
2025-01-22 00:11:49,085 - INFO - HTTP Request: POST https://api.telegram.org/bot7511422141:AAEKOUXryQ0C8xf77uEYJcC9abj_e-lVpMk/getUpdates "HTTP/1.1 200 OK"
2025-01-22 00:11:59,170 - INFO - HTTP Request: POST https://api.telegram.org/bot7511422141:AAEKOUXryQ0C8xf77uEYJcC9abj_e-lVpMk/getUpdates "HTTP/1.1 200 OK"
2025-01-22 00:12:09,256 - INFO - HTTP Request: POST https://api.telegram.org/bot7511422141:AAEKOUXryQ0C8xf77uEYJcC9abj_e-lVpMk/getUpdates "HTTP/1.1 200 OK"
2025-01-22 00:12:19,341 - INFO - HTTP Request: POST https://api.telegram.org/bot7511422141:AAEKOUXryQ0C8xf77uEYJcC9abj_e-lVpMk/getUpdates "HTTP/1.1 200 OK"
2025-01-22 00:12:29,429 - INFO - HTTP Request: POST https://api.telegram.org/bot7511422141:AAEKOUXryQ0C8xf77uEYJcC9abj_e-lVpMk/getUpdates "HTTP/1.1 200 OK"
2025-01-22 00:12:39,513 - INFO - HTTP Request: POST https://api.telegram.org/bot7511422141:AAEKOUXryQ0C8xf77uEYJcC9abj_e-lVpMk/getUpdates "HTTP/1.1 200 OK"
2025-01-22 00:12:49,600 - INFO - HTTP Request: POST https://api.telegram.org/bot7511422141:AAEKOUXryQ0C8xf77uEYJcC9abj_e-lVpMk/getUpdates "HTTP/1.1 200 OK"
2025-01-22 00:12:59,686 - INFO - HTTP Request: POST https://api.telegram.org/bot7511422141:AAEKOUXryQ0C8xf77uEYJcC9abj_e-lVpMk/getUpdates "HTTP/1.1 200 OK"
2025-01-22 00:13:09,771 - INFO - HTTP Request: POST https://api.telegram.org/bot7511422141:AAEKOUXryQ0C8xf77uEYJcC9abj_e-lVpMk/getUpdates "HTTP/1.1 200 OK"
2025-01-22 00:13:19,857 - INFO - HTTP Request: POST https://api.telegram.org/bot7511422141:AAEKOUXryQ0C8xf77uEYJcC9abj_e-lVpMk/getUpdates "HTTP/1.1 200 OK"
2025-01-22 00:13:29,942 - INFO - HTTP Request: POST https://api.telegram.org/bot7511422141:AAEKOUXryQ0C8xf77uEYJcC9abj_e-lVpMk/getUpdates "HTTP/1.1 200 OK"
2025-01-22 00:13:40,028 - INFO - HTTP Request: POST https://api.telegram.org/bot7511422141:AAEKOUXryQ0C8xf77uEYJcC9abj_e-lVpMk/getUpdates "HTTP/1.1 200 OK"
2025-01-22 00:13:50,113 - INFO - HTTP Request: POST https://api.telegram.org/bot7511422141:AAEKOUXryQ0C8xf77uEYJcC9abj_e-lVpMk/getUpdates "HTTP/1.1 200 OK"
2025-01-22 00:14:00,199 - INFO - HTTP Request: POST https://api.telegram.org/bot7511422141:AAEKOUXryQ0C8xf77uEYJcC9abj_e-lVpMk/getUpdates "HTTP/1.1 200 OK"
2025-01-22 00:14:10,284 - INFO - HTTP Request: POST https://api.telegram.org/bot7511422141:AAEKOUXryQ0C8xf77uEYJcC9abj_e-lVpMk/getUpdates "HTTP/1.1 200 OK"
2025-01-22 00:14:20,376 - INFO - HTTP Request: POST https://api.telegram.org/bot7511422141:AAEKOUXryQ0C8xf77uEYJcC9abj_e-lVpMk/getUpdates "HTTP/1.1 200 OK"
2025-01-22 00:14:30,463 - INFO - HTTP Request: POST https://api.telegram.org/bot7511422141:AAEKOUXryQ0C8xf77uEYJcC9abj_e-lVpMk/getUpdates "HTTP/1.1 200 OK"
2025-01-22 00:14:40,549 - INFO - HTTP Request: POST https://api.telegram.org/bot7511422141:AAEKOUXryQ0C8xf77uEYJcC9abj_e-lVpMk/getUpdates "HTTP/1.1 200 OK"
2025-01-22 00:14:50,634 - INFO - HTTP Request: POST https://api.telegram.org/bot7511422141:AAEKOUXryQ0C8xf77uEYJcC9abj_e-lVpMk/getUpdates "HTTP/1.1 200 OK"
2025-01-22 00:15:00,719 - INFO - HTTP Request: POST https://api.telegram.org/bot7511422141:AAEKOUXryQ0C8xf77uEYJcC9abj_e-lVpMk/getUpdates "HTTP/1.1 200 OK"
2025-01-22 00:15:10,804 - INFO - HTTP Request: POST https://api.telegram.org/bot7511422141:AAEKOUXryQ0C8xf77uEYJcC9abj_e-lVpMk/getUpdates "HTTP/1.1 200 OK"
2025-01-22 00:15:20,890 - INFO - HTTP Request: POST https://api.telegram.org/bot7511422141:AAEKOUXryQ0C8xf77uEYJcC9abj_e-lVpMk/getUpdates "HTTP/1.1 200 OK"
2025-01-22 00:15:30,975 - INFO - HTTP Request: POST https://api.telegram.org/bot7511422141:AAEKOUXryQ0C8xf77uEYJcC9abj_e-lVpMk/getUpdates "HTTP/1.1 200 OK"
2025-01-22 00:15:41,062 - INFO - HTTP Request: POST https://api.telegram.org/bot7511422141:AAEKOUXryQ0C8xf77uEYJcC9abj_e-lVpMk/getUpdates "HTTP/1.1 200 OK"
2025-01-22 00:15:51,147 - INFO - HTTP Request: POST https://api.telegram.org/bot7511422141:AAEKOUXryQ0C8xf77uEYJcC9abj_e-lVpMk/getUpdates "HTTP/1.1 200 OK"
2025-01-22 00:16:01,234 - INFO - HTTP Request: POST https://api.telegram.org/bot7511422141:AAEKOUXryQ0C8xf77uEYJcC9abj_e-lVpMk/getUpdates "HTTP/1.1 200 OK"
2025-01-22 00:16:11,320 - INFO - HTTP Request: POST https://api.telegram.org/bot7511422141:AAEKOUXryQ0C8xf77uEYJcC9abj_e-lVpMk/getUpdates "HTTP/1.1 200 OK"
2025-01-22 00:16:21,429 - INFO - HTTP Request: POST https://api.telegram.org/bot7511422141:AAEKOUXryQ0C8xf77uEYJcC9abj_e-lVpMk/getUpdates "HTTP/1.1 200 OK"
2025-01-22 00:16:31,513 - INFO - HTTP Request: POST https://api.telegram.org/bot7511422141:AAEKOUXryQ0C8xf77uEYJcC9abj_e-lVpMk/getUpdates "HTTP/1.1 200 OK"
2025-01-22 00:16:41,621 - INFO - HTTP Request: POST https://api.telegram.org/bot7511422141:AAEKOUXryQ0C8xf77uEYJcC9abj_e-lVpMk/getUpdates "HTTP/1.1 200 OK"
2025-01-22 00:16:51,706 - INFO - HTTP Request: POST https://api.telegram.org/bot7511422141:AAEKOUXryQ0C8xf77uEYJcC9abj_e-lVpMk/getUpdates "HTTP/1.1 200 OK"
2025-01-22 00:17:01,791 - INFO - HTTP Request: POST https://api.telegram.org/bot7511422141:AAEKOUXryQ0C8xf77uEYJcC9abj_e-lVpMk/getUpdates "HTTP/1.1 200 OK"
2025-01-22 00:17:12,349 - INFO - HTTP Request: POST https://api.telegram.org/bot7511422141:AAEKOUXryQ0C8xf77uEYJcC9abj_e-lVpMk/getUpdates "HTTP/1.1 200 OK"
2025-01-22 00:17:22,447 - INFO - HTTP Request: POST https://api.telegram.org/bot7511422141:AAEKOUXryQ0C8xf77uEYJcC9abj_e-lVpMk/getUpdates "HTTP/1.1 200 OK"
2025-01-22 00:17:32,537 - INFO - HTTP Request: POST https://api.telegram.org/bot7511422141:AAEKOUXryQ0C8xf77uEYJcC9abj_e-lVpMk/getUpdates "HTTP/1.1 200 OK"
2025-01-22 00:17:42,625 - INFO - HTTP Request: POST https://api.telegram.org/bot7511422141:AAEKOUXryQ0C8xf77uEYJcC9abj_e-lVpMk/getUpdates "HTTP/1.1 200 OK"
2025-01-22 00:17:52,724 - INFO - HTTP Request: POST https://api.telegram.org/bot7511422141:AAEKOUXryQ0C8xf77uEYJcC9abj_e-lVpMk/getUpdates "HTTP/1.1 200 OK"
2025-01-22 00:18:02,810 - INFO - HTTP Request: POST https://api.telegram.org/bot7511422141:AAEKOUXryQ0C8xf77uEYJcC9abj_e-lVpMk/getUpdates "HTTP/1.1 200 OK"
2025-01-22 00:18:12,906 - INFO - HTTP Request: POST https://api.telegram.org/bot7511422141:AAEKOUXryQ0C8xf77uEYJcC9abj_e-lVpMk/getUpdates "HTTP/1.1 200 OK"
2025-01-22 00:18:22,994 - INFO - HTTP Request: POST https://api.telegram.org/bot7511422141:AAEKOUXryQ0C8xf77uEYJcC9abj_e-lVpMk/getUpdates "HTTP/1.1 200 OK"
2025-01-22 00:18:33,169 - INFO - HTTP Request: POST https://api.telegram.org/bot7511422141:AAEKOUXryQ0C8xf77uEYJcC9abj_e-lVpMk/getUpdates "HTTP/1.1 200 OK"
2025-01-22 00:18:43,262 - INFO - HTTP Request: POST https://api.telegram.org/bot7511422141:AAEKOUXryQ0C8xf77uEYJcC9abj_e-lVpMk/getUpdates "HTTP/1.1 200 OK"
2025-01-22 00:18:53,353 - INFO - HTTP Request: POST https://api.telegram.org/bot7511422141:AAEKOUXryQ0C8xf77uEYJcC9abj_e-lVpMk/getUpdates "HTTP/1.1 200 OK"
2025-01-22 00:19:03,439 - INFO - HTTP Request: POST https://api.telegram.org/bot7511422141:AAEKOUXryQ0C8xf77uEYJcC9abj_e-lVpMk/getUpdates "HTTP/1.1 200 OK"
2025-01-22 00:19:13,524 - INFO - HTTP Request: POST https://api.telegram.org/bot7511422141:AAEKOUXryQ0C8xf77uEYJcC9abj_e-lVpMk/getUpdates "HTTP/1.1 200 OK"
2025-01-22 00:19:23,613 - INFO - HTTP Request: POST https://api.telegram.org/bot7511422141:AAEKOUXryQ0C8xf77uEYJcC9abj_e-lVpMk/getUpdates "HTTP/1.1 200 OK"
2025-01-22 00:19:33,701 - INFO - HTTP Request: POST https://api.telegram.org/bot7511422141:AAEKOUXryQ0C8xf77uEYJcC9abj_e-lVpMk/getUpdates "HTTP/1.1 200 OK"
2025-01-22 00:19:43,787 - INFO - HTTP Request: POST https://api.telegram.org/bot7511422141:AAEKOUXryQ0C8xf77uEYJcC9abj_e-lVpMk/getUpdates "HTTP/1.1 200 OK"
2025-01-22 00:19:53,874 - INFO - HTTP Request: POST https://api.telegram.org/bot7511422141:AAEKOUXryQ0C8xf77uEYJcC9abj_e-lVpMk/getUpdates "HTTP/1.1 200 OK"
2025-01-22 00:20:03,963 - INFO - HTTP Request: POST https://api.telegram.org/bot7511422141:AAEKOUXryQ0C8xf77uEYJcC9abj_e-lVpMk/getUpdates "HTTP/1.1 200 OK"
2025-01-22 00:20:14,053 - INFO - HTTP Request: POST https://api.telegram.org/bot7511422141:AAEKOUXryQ0C8xf77uEYJcC9abj_e-lVpMk/getUpdates "HTTP/1.1 200 OK"
2025-01-22 00:20:24,142 - INFO - HTTP Request: POST https://api.telegram.org/bot7511422141:AAEKOUXryQ0C8xf77uEYJcC9abj_e-lVpMk/getUpdates "HTTP/1.1 200 OK"
2025-01-22 00:20:34,237 - INFO - HTTP Request: POST https://api.telegram.org/bot7511422141:AAEKOUXryQ0C8xf77uEYJcC9abj_e-lVpMk/getUpdates "HTTP/1.1 200 OK"
2025-01-22 00:20:44,325 - INFO - HTTP Request: POST https://api.telegram.org/bot7511422141:AAEKOUXryQ0C8xf77uEYJcC9abj_e-lVpMk/getUpdates "HTTP/1.1 200 OK"
2025-01-22 00:20:54,413 - INFO - HTTP Request: POST https://api.telegram.org/bot7511422141:AAEKOUXryQ0C8xf77uEYJcC9abj_e-lVpMk/getUpdates "HTTP/1.1 200 OK"
2025-01-22 00:21:04,506 - INFO - HTTP Request: POST https://api.telegram.org/bot7511422141:AAEKOUXryQ0C8xf77uEYJcC9abj_e-lVpMk/getUpdates "HTTP/1.1 200 OK"
2025-01-22 00:21:14,593 - INFO - HTTP Request: POST https://api.telegram.org/bot7511422141:AAEKOUXryQ0C8xf77uEYJcC9abj_e-lVpMk/getUpdates "HTTP/1.1 200 OK"
2025-01-22 00:21:24,681 - INFO - HTTP Request: POST https://api.telegram.org/bot7511422141:AAEKOUXryQ0C8xf77uEYJcC9abj_e-lVpMk/getUpdates "HTTP/1.1 200 OK"
2025-01-22 00:21:34,771 - INFO - HTTP Request: POST https://api.telegram.org/bot7511422141:AAEKOUXryQ0C8xf77uEYJcC9abj_e-lVpMk/getUpdates "HTTP/1.1 200 OK"
2025-01-22 00:21:44,859 - INFO - HTTP Request: POST https://api.telegram.org/bot7511422141:AAEKOUXryQ0C8xf77uEYJcC9abj_e-lVpMk/getUpdates "HTTP/1.1 200 OK"
2025-01-22 00:21:54,944 - INFO - HTTP Request: POST https://api.telegram.org/bot7511422141:AAEKOUXryQ0C8xf77uEYJcC9abj_e-lVpMk/getUpdates "HTTP/1.1 200 OK"
2025-01-22 00:22:05,047 - INFO - HTTP Request: POST https://api.telegram.org/bot7511422141:AAEKOUXryQ0C8xf77uEYJcC9abj_e-lVpMk/getUpdates "HTTP/1.1 200 OK"
2025-01-22 00:22:15,141 - INFO - HTTP Request: POST https://api.telegram.org/bot7511422141:AAEKOUXryQ0C8xf77uEYJcC9abj_e-lVpMk/getUpdates "HTTP/1.1 200 OK"
2025-01-22 00:22:25,227 - INFO - HTTP Request: POST https://api.telegram.org/bot7511422141:AAEKOUXryQ0C8xf77uEYJcC9abj_e-lVpMk/getUpdates "HTTP/1.1 200 OK"
2025-01-22 00:22:35,314 - INFO - HTTP Request: POST https://api.telegram.org/bot7511422141:AAEKOUXryQ0C8xf77uEYJcC9abj_e-lVpMk/getUpdates "HTTP/1.1 200 OK"
2025-01-22 00:22:45,402 - INFO - HTTP Request: POST https://api.telegram.org/bot7511422141:AAEKOUXryQ0C8xf77uEYJcC9abj_e-lVpMk/getUpdates "HTTP/1.1 200 OK"
2025-01-22 00:22:55,490 - INFO - HTTP Request: POST https://api.telegram.org/bot7511422141:AAEKOUXryQ0C8xf77uEYJcC9abj_e-lVpMk/getUpdates "HTTP/1.1 200 OK"
2025-01-22 00:23:05,631 - INFO - HTTP Request: POST https://api.telegram.org/bot7511422141:AAEKOUXryQ0C8xf77uEYJcC9abj_e-lVpMk/getUpdates "HTTP/1.1 200 OK"
2025-01-22 00:23:15,716 - INFO - HTTP Request: POST https://api.telegram.org/bot7511422141:AAEKOUXryQ0C8xf77uEYJcC9abj_e-lVpMk/getUpdates "HTTP/1.1 200 OK"
2025-01-22 00:23:25,806 - INFO - HTTP Request: POST https://api.telegram.org/bot7511422141:AAEKOUXryQ0C8xf77uEYJcC9abj_e-lVpMk/getUpdates "HTTP/1.1 200 OK"
2025-01-22 00:23:35,891 - INFO - HTTP Request: POST https://api.telegram.org/bot7511422141:AAEKOUXryQ0C8xf77uEYJcC9abj_e-lVpMk/getUpdates "HTTP/1.1 200 OK"
2025-01-22 00:23:45,976 - INFO - HTTP Request: POST https://api.telegram.org/bot7511422141:AAEKOUXryQ0C8xf77uEYJcC9abj_e-lVpMk/getUpdates "HTTP/1.1 200 OK"
2025-01-22 00:23:56,092 - INFO - HTTP Request: POST https://api.telegram.org/bot7511422141:AAEKOUXryQ0C8xf77uEYJcC9abj_e-lVpMk/getUpdates "HTTP/1.1 200 OK"
2025-01-22 00:24:06,183 - INFO - HTTP Request: POST https://api.telegram.org/bot7511422141:AAEKOUXryQ0C8xf77uEYJcC9abj_e-lVpMk/getUpdates "HTTP/1.1 200 OK"
2025-01-22 00:24:16,274 - INFO - HTTP Request: POST https://api.telegram.org/bot7511422141:AAEKOUXryQ0C8xf77uEYJcC9abj_e-lVpMk/getUpdates "HTTP/1.1 200 OK"
2025-01-22 00:24:26,371 - INFO - HTTP Request: POST https://api.telegram.org/bot7511422141:AAEKOUXryQ0C8xf77uEYJcC9abj_e-lVpMk/getUpdates "HTTP/1.1 200 OK"
2025-01-22 00:24:36,459 - INFO - HTTP Request: POST https://api.telegram.org/bot7511422141:AAEKOUXryQ0C8xf77uEYJcC9abj_e-lVpMk/getUpdates "HTTP/1.1 200 OK"
2025-01-22 00:24:46,547 - INFO - HTTP Request: POST https://api.telegram.org/bot7511422141:AAEKOUXryQ0C8xf77uEYJcC9abj_e-lVpMk/getUpdates "HTTP/1.1 200 OK"
2025-01-22 00:24:56,633 - INFO - HTTP Request: POST https://api.telegram.org/bot7511422141:AAEKOUXryQ0C8xf77uEYJcC9abj_e-lVpMk/getUpdates "HTTP/1.1 200 OK"
2025-01-22 00:25:06,719 - INFO - HTTP Request: POST https://api.telegram.org/bot7511422141:AAEKOUXryQ0C8xf77uEYJcC9abj_e-lVpMk/getUpdates "HTTP/1.1 200 OK"
2025-01-22 00:25:16,805 - INFO - HTTP Request: POST https://api.telegram.org/bot7511422141:AAEKOUXryQ0C8xf77uEYJcC9abj_e-lVpMk/getUpdates "HTTP/1.1 200 OK"
2025-01-22 00:25:26,899 - INFO - HTTP Request: POST https://api.telegram.org/bot7511422141:AAEKOUXryQ0C8xf77uEYJcC9abj_e-lVpMk/getUpdates "HTTP/1.1 200 OK"
2025-01-22 00:25:36,999 - INFO - HTTP Request: POST https://api.telegram.org/bot7511422141:AAEKOUXryQ0C8xf77uEYJcC9abj_e-lVpMk/getUpdates "HTTP/1.1 200 OK"
2025-01-22 00:25:47,089 - INFO - HTTP Request: POST https://api.telegram.org/bot7511422141:AAEKOUXryQ0C8xf77uEYJcC9abj_e-lVpMk/getUpdates "HTTP/1.1 200 OK"
2025-01-22 00:25:57,178 - INFO - HTTP Request: POST https://api.telegram.org/bot7511422141:AAEKOUXryQ0C8xf77uEYJcC9abj_e-lVpMk/getUpdates "HTTP/1.1 200 OK"
2025-01-22 00:26:07,269 - INFO - HTTP Request: POST https://api.telegram.org/bot7511422141:AAEKOUXryQ0C8xf77uEYJcC9abj_e-lVpMk/getUpdates "HTTP/1.1 200 OK"
2025-01-22 00:26:17,357 - INFO - HTTP Request: POST https://api.telegram.org/bot7511422141:AAEKOUXryQ0C8xf77uEYJcC9abj_e-lVpMk/getUpdates "HTTP/1.1 200 OK"
2025-01-22 00:26:27,443 - INFO - HTTP Request: POST https://api.telegram.org/bot7511422141:AAEKOUXryQ0C8xf77uEYJcC9abj_e-lVpMk/getUpdates "HTTP/1.1 200 OK"
2025-01-22 00:26:37,529 - INFO - HTTP Request: POST https://api.telegram.org/bot7511422141:AAEKOUXryQ0C8xf77uEYJcC9abj_e-lVpMk/getUpdates "HTTP/1.1 200 OK"
2025-01-22 00:26:47,613 - INFO - HTTP Request: POST https://api.telegram.org/bot7511422141:AAEKOUXryQ0C8xf77uEYJcC9abj_e-lVpMk/getUpdates "HTTP/1.1 200 OK"
2025-01-22 00:26:57,700 - INFO - HTTP Request: POST https://api.telegram.org/bot7511422141:AAEKOUXryQ0C8xf77uEYJcC9abj_e-lVpMk/getUpdates "HTTP/1.1 200 OK"
2025-01-22 00:27:07,796 - INFO - HTTP Request: POST https://api.telegram.org/bot7511422141:AAEKOUXryQ0C8xf77uEYJcC9abj_e-lVpMk/getUpdates "HTTP/1.1 200 OK"
2025-01-22 00:27:17,884 - INFO - HTTP Request: POST https://api.telegram.org/bot7511422141:AAEKOUXryQ0C8xf77uEYJcC9abj_e-lVpMk/getUpdates "HTTP/1.1 200 OK"
2025-01-22 00:27:27,970 - INFO - HTTP Request: POST https://api.telegram.org/bot7511422141:AAEKOUXryQ0C8xf77uEYJcC9abj_e-lVpMk/getUpdates "HTTP/1.1 200 OK"
2025-01-22 00:27:38,057 - INFO - HTTP Request: POST https://api.telegram.org/bot7511422141:AAEKOUXryQ0C8xf77uEYJcC9abj_e-lVpMk/getUpdates "HTTP/1.1 200 OK"
2025-01-22 00:27:48,145 - INFO - HTTP Request: POST https://api.telegram.org/bot7511422141:AAEKOUXryQ0C8xf77uEYJcC9abj_e-lVpMk/getUpdates "HTTP/1.1 200 OK"
2025-01-22 00:27:58,271 - INFO - HTTP Request: POST https://api.telegram.org/bot7511422141:AAEKOUXryQ0C8xf77uEYJcC9abj_e-lVpMk/getUpdates "HTTP/1.1 200 OK"
2025-01-22 00:28:08,357 - INFO - HTTP Request: POST https://api.telegram.org/bot7511422141:AAEKOUXryQ0C8xf77uEYJcC9abj_e-lVpMk/getUpdates "HTTP/1.1 200 OK"
2025-01-22 00:28:18,447 - INFO - HTTP Request: POST https://api.telegram.org/bot7511422141:AAEKOUXryQ0C8xf77uEYJcC9abj_e-lVpMk/getUpdates "HTTP/1.1 200 OK"
2025-01-22 00:28:28,535 - INFO - HTTP Request: POST https://api.telegram.org/bot7511422141:AAEKOUXryQ0C8xf77uEYJcC9abj_e-lVpMk/getUpdates "HTTP/1.1 200 OK"
2025-01-22 00:28:38,622 - INFO - HTTP Request: POST https://api.telegram.org/bot7511422141:AAEKOUXryQ0C8xf77uEYJcC9abj_e-lVpMk/getUpdates "HTTP/1.1 200 OK"
2025-01-22 00:28:48,710 - INFO - HTTP Request: POST https://api.telegram.org/bot7511422141:AAEKOUXryQ0C8xf77uEYJcC9abj_e-lVpMk/getUpdates "HTTP/1.1 200 OK"
2025-01-22 00:28:58,814 - INFO - HTTP Request: POST https://api.telegram.org/bot7511422141:AAEKOUXryQ0C8xf77uEYJcC9abj_e-lVpMk/getUpdates "HTTP/1.1 200 OK"
2025-01-22 00:29:08,904 - INFO - HTTP Request: POST https://api.telegram.org/bot7511422141:AAEKOUXryQ0C8xf77uEYJcC9abj_e-lVpMk/getUpdates "HTTP/1.1 200 OK"
2025-01-22 00:29:18,992 - INFO - HTTP Request: POST https://api.telegram.org/bot7511422141:AAEKOUXryQ0C8xf77uEYJcC9abj_e-lVpMk/getUpdates "HTTP/1.1 200 OK"
2025-01-22 00:29:29,088 - INFO - HTTP Request: POST https://api.telegram.org/bot7511422141:AAEKOUXryQ0C8xf77uEYJcC9abj_e-lVpMk/getUpdates "HTTP/1.1 200 OK"
2025-01-22 00:29:39,203 - INFO - HTTP Request: POST https://api.telegram.org/bot7511422141:AAEKOUXryQ0C8xf77uEYJcC9abj_e-lVpMk/getUpdates "HTTP/1.1 200 OK"
2025-01-22 00:29:49,294 - INFO - HTTP Request: POST https://api.telegram.org/bot7511422141:AAEKOUXryQ0C8xf77uEYJcC9abj_e-lVpMk/getUpdates "HTTP/1.1 200 OK"
2025-01-22 00:29:59,384 - INFO - HTTP Request: POST https://api.telegram.org/bot7511422141:AAEKOUXryQ0C8xf77uEYJcC9abj_e-lVpMk/getUpdates "HTTP/1.1 200 OK"
2025-01-22 00:30:09,480 - INFO - HTTP Request: POST https://api.telegram.org/bot7511422141:AAEKOUXryQ0C8xf77uEYJcC9abj_e-lVpMk/getUpdates "HTTP/1.1 200 OK"
2025-01-22 00:30:19,576 - INFO - HTTP Request: POST https://api.telegram.org/bot7511422141:AAEKOUXryQ0C8xf77uEYJcC9abj_e-lVpMk/getUpdates "HTTP/1.1 200 OK"
2025-01-22 00:30:29,664 - INFO - HTTP Request: POST https://api.telegram.org/bot7511422141:AAEKOUXryQ0C8xf77uEYJcC9abj_e-lVpMk/getUpdates "HTTP/1.1 200 OK"
2025-01-22 00:30:39,773 - INFO - HTTP Request: POST https://api.telegram.org/bot7511422141:AAEKOUXryQ0C8xf77uEYJcC9abj_e-lVpMk/getUpdates "HTTP/1.1 200 OK"
2025-01-22 00:30:49,869 - INFO - HTTP Request: POST https://api.telegram.org/bot7511422141:AAEKOUXryQ0C8xf77uEYJcC9abj_e-lVpMk/getUpdates "HTTP/1.1 200 OK"
2025-01-22 00:30:59,956 - INFO - HTTP Request: POST https://api.telegram.org/bot7511422141:AAEKOUXryQ0C8xf77uEYJcC9abj_e-lVpMk/getUpdates "HTTP/1.1 200 OK"
2025-01-22 00:31:10,047 - INFO - HTTP Request: POST https://api.telegram.org/bot7511422141:AAEKOUXryQ0C8xf77uEYJcC9abj_e-lVpMk/getUpdates "HTTP/1.1 200 OK"
2025-01-22 00:31:20,145 - INFO - HTTP Request: POST https://api.telegram.org/bot7511422141:AAEKOUXryQ0C8xf77uEYJcC9abj_e-lVpMk/getUpdates "HTTP/1.1 200 OK"
2025-01-22 00:31:30,235 - INFO - HTTP Request: POST https://api.telegram.org/bot7511422141:AAEKOUXryQ0C8xf77uEYJcC9abj_e-lVpMk/getUpdates "HTTP/1.1 200 OK"
2025-01-22 00:31:40,429 - INFO - HTTP Request: POST https://api.telegram.org/bot7511422141:AAEKOUXryQ0C8xf77uEYJcC9abj_e-lVpMk/getUpdates "HTTP/1.1 200 OK"
2025-01-22 00:31:50,517 - INFO - HTTP Request: POST https://api.telegram.org/bot7511422141:AAEKOUXryQ0C8xf77uEYJcC9abj_e-lVpMk/getUpdates "HTTP/1.1 200 OK"
2025-01-22 00:32:00,614 - INFO - HTTP Request: POST https://api.telegram.org/bot7511422141:AAEKOUXryQ0C8xf77uEYJcC9abj_e-lVpMk/getUpdates "HTTP/1.1 200 OK"
2025-01-22 00:32:10,704 - INFO - HTTP Request: POST https://api.telegram.org/bot7511422141:AAEKOUXryQ0C8xf77uEYJcC9abj_e-lVpMk/getUpdates "HTTP/1.1 200 OK"
2025-01-22 00:32:20,791 - INFO - HTTP Request: POST https://api.telegram.org/bot7511422141:AAEKOUXryQ0C8xf77uEYJcC9abj_e-lVpMk/getUpdates "HTTP/1.1 200 OK"
