2024-10-25 16:32:34,129 - INFO - Бот запущен.
2024-10-25 16:32:34,284 - INFO - Adding job tentatively -- it will be properly scheduled when the scheduler starts
2024-10-25 16:32:34,850 - INFO - HTTP Request: POST https://api.telegram.org/bot7511422141:AAEKOUXryQ0C8xf77uEYJcC9abj_e-lVpMk/getMe "HTTP/1.1 200 OK"
2024-10-25 16:32:35,002 - INFO - HTTP Request: POST https://api.telegram.org/bot7511422141:AAEKOUXryQ0C8xf77uEYJcC9abj_e-lVpMk/deleteWebhook "HTTP/1.1 200 OK"
2024-10-25 16:32:35,005 - INFO - Added job "send_daily_cards" to job store "default"
2024-10-25 16:32:35,005 - INFO - Scheduler started
2024-10-25 16:32:35,005 - INFO - Application started
2024-10-25 16:32:38,664 - INFO - HTTP Request: POST https://api.telegram.org/bot7511422141:AAEKOUXryQ0C8xf77uEYJcC9abj_e-lVpMk/getUpdates "HTTP/1.1 200 OK"
2024-10-25 16:32:38,665 - INFO - Получено сообщение от None (334124671): 🔍 Поиск карты
2024-10-25 16:32:38,665 - INFO - Пользователь None (334124671) начал поиск карты.
2024-10-25 16:32:38,795 - INFO - HTTP Request: POST https://api.telegram.org/bot7511422141:AAEKOUXryQ0C8xf77uEYJcC9abj_e-lVpMk/sendMessage "HTTP/1.1 200 OK"
2024-10-25 16:32:39,593 - INFO - HTTP Request: POST https://api.telegram.org/bot7511422141:AAEKOUXryQ0C8xf77uEYJcC9abj_e-lVpMk/getUpdates "HTTP/1.1 200 OK"
2024-10-25 16:32:39,688 - INFO - HTTP Request: POST https://api.telegram.org/bot7511422141:AAEKOUXryQ0C8xf77uEYJcC9abj_e-lVpMk/answerCallbackQuery "HTTP/1.1 200 OK"
2024-10-25 16:32:39,852 - INFO - HTTP Request: POST https://api.telegram.org/bot7511422141:AAEKOUXryQ0C8xf77uEYJcC9abj_e-lVpMk/editMessageText "HTTP/1.1 200 OK"
2024-10-25 16:32:41,255 - INFO - HTTP Request: POST https://api.telegram.org/bot7511422141:AAEKOUXryQ0C8xf77uEYJcC9abj_e-lVpMk/getUpdates "HTTP/1.1 200 OK"
2024-10-25 16:32:41,335 - INFO - HTTP Request: POST https://api.telegram.org/bot7511422141:AAEKOUXryQ0C8xf77uEYJcC9abj_e-lVpMk/answerCallbackQuery "HTTP/1.1 200 OK"
2024-10-25 16:32:41,741 - INFO - HTTP Request: POST https://api.telegram.org/bot7511422141:AAEKOUXryQ0C8xf77uEYJcC9abj_e-lVpMk/sendPhoto "HTTP/1.1 200 OK"
2024-10-25 16:32:41,846 - INFO - HTTP Request: POST https://api.telegram.org/bot7511422141:AAEKOUXryQ0C8xf77uEYJcC9abj_e-lVpMk/editMessageReplyMarkup "HTTP/1.1 200 OK"
2024-10-25 16:32:44,779 - INFO - HTTP Request: POST https://api.telegram.org/bot7511422141:AAEKOUXryQ0C8xf77uEYJcC9abj_e-lVpMk/getUpdates "HTTP/1.1 200 OK"
2024-10-25 16:32:44,781 - INFO - Получено сообщение от None (334124671): 🔍 Поиск карты
2024-10-25 16:32:44,781 - INFO - Пользователь None (334124671) начал поиск карты.
2024-10-25 16:32:44,876 - INFO - HTTP Request: POST https://api.telegram.org/bot7511422141:AAEKOUXryQ0C8xf77uEYJcC9abj_e-lVpMk/sendMessage "HTTP/1.1 200 OK"
2024-10-25 16:32:46,448 - INFO - HTTP Request: POST https://api.telegram.org/bot7511422141:AAEKOUXryQ0C8xf77uEYJcC9abj_e-lVpMk/getUpdates "HTTP/1.1 200 OK"
2024-10-25 16:32:46,547 - INFO - HTTP Request: POST https://api.telegram.org/bot7511422141:AAEKOUXryQ0C8xf77uEYJcC9abj_e-lVpMk/answerCallbackQuery "HTTP/1.1 200 OK"
2024-10-25 16:32:46,664 - INFO - HTTP Request: POST https://api.telegram.org/bot7511422141:AAEKOUXryQ0C8xf77uEYJcC9abj_e-lVpMk/editMessageText "HTTP/1.1 200 OK"
2024-10-25 16:32:50,383 - INFO - HTTP Request: POST https://api.telegram.org/bot7511422141:AAEKOUXryQ0C8xf77uEYJcC9abj_e-lVpMk/getUpdates "HTTP/1.1 200 OK"
2024-10-25 16:32:50,491 - INFO - HTTP Request: POST https://api.telegram.org/bot7511422141:AAEKOUXryQ0C8xf77uEYJcC9abj_e-lVpMk/answerCallbackQuery "HTTP/1.1 200 OK"
2024-10-25 16:32:50,793 - INFO - HTTP Request: POST https://api.telegram.org/bot7511422141:AAEKOUXryQ0C8xf77uEYJcC9abj_e-lVpMk/sendPhoto "HTTP/1.1 200 OK"
2024-10-25 16:32:50,979 - INFO - HTTP Request: POST https://api.telegram.org/bot7511422141:AAEKOUXryQ0C8xf77uEYJcC9abj_e-lVpMk/editMessageReplyMarkup "HTTP/1.1 200 OK"
2024-10-25 16:33:00,501 - INFO - HTTP Request: POST https://api.telegram.org/bot7511422141:AAEKOUXryQ0C8xf77uEYJcC9abj_e-lVpMk/getUpdates "HTTP/1.1 200 OK"
2024-10-25 16:33:01,576 - INFO - HTTP Request: POST https://api.telegram.org/bot7511422141:AAEKOUXryQ0C8xf77uEYJcC9abj_e-lVpMk/getUpdates "HTTP/1.1 200 OK"
2024-10-25 16:33:01,577 - INFO - Получено сообщение от None (334124671): 🔍 Поиск карты
2024-10-25 16:33:01,577 - INFO - Пользователь None (334124671) начал поиск карты.
2024-10-25 16:33:02,012 - INFO - HTTP Request: POST https://api.telegram.org/bot7511422141:AAEKOUXryQ0C8xf77uEYJcC9abj_e-lVpMk/sendMessage "HTTP/1.1 200 OK"
2024-10-25 16:33:03,633 - INFO - HTTP Request: POST https://api.telegram.org/bot7511422141:AAEKOUXryQ0C8xf77uEYJcC9abj_e-lVpMk/getUpdates "HTTP/1.1 200 OK"
2024-10-25 16:33:03,731 - INFO - HTTP Request: POST https://api.telegram.org/bot7511422141:AAEKOUXryQ0C8xf77uEYJcC9abj_e-lVpMk/answerCallbackQuery "HTTP/1.1 200 OK"
2024-10-25 16:33:03,841 - INFO - HTTP Request: POST https://api.telegram.org/bot7511422141:AAEKOUXryQ0C8xf77uEYJcC9abj_e-lVpMk/editMessageText "HTTP/1.1 200 OK"
2024-10-25 16:33:04,576 - INFO - HTTP Request: POST https://api.telegram.org/bot7511422141:AAEKOUXryQ0C8xf77uEYJcC9abj_e-lVpMk/getUpdates "HTTP/1.1 200 OK"
2024-10-25 16:33:04,743 - INFO - HTTP Request: POST https://api.telegram.org/bot7511422141:AAEKOUXryQ0C8xf77uEYJcC9abj_e-lVpMk/answerCallbackQuery "HTTP/1.1 200 OK"
2024-10-25 16:33:05,127 - INFO - HTTP Request: POST https://api.telegram.org/bot7511422141:AAEKOUXryQ0C8xf77uEYJcC9abj_e-lVpMk/sendPhoto "HTTP/1.1 200 OK"
2024-10-25 16:33:05,279 - INFO - HTTP Request: POST https://api.telegram.org/bot7511422141:AAEKOUXryQ0C8xf77uEYJcC9abj_e-lVpMk/editMessageReplyMarkup "HTTP/1.1 200 OK"
2024-10-25 16:33:14,661 - INFO - HTTP Request: POST https://api.telegram.org/bot7511422141:AAEKOUXryQ0C8xf77uEYJcC9abj_e-lVpMk/getUpdates "HTTP/1.1 200 OK"
2024-10-25 16:33:24,734 - INFO - HTTP Request: POST https://api.telegram.org/bot7511422141:AAEKOUXryQ0C8xf77uEYJcC9abj_e-lVpMk/getUpdates "HTTP/1.1 200 OK"
2024-10-25 16:33:34,806 - INFO - HTTP Request: POST https://api.telegram.org/bot7511422141:AAEKOUXryQ0C8xf77uEYJcC9abj_e-lVpMk/getUpdates "HTTP/1.1 200 OK"
2024-10-25 16:33:44,878 - INFO - HTTP Request: POST https://api.telegram.org/bot7511422141:AAEKOUXryQ0C8xf77uEYJcC9abj_e-lVpMk/getUpdates "HTTP/1.1 200 OK"
2024-10-25 16:33:54,956 - INFO - HTTP Request: POST https://api.telegram.org/bot7511422141:AAEKOUXryQ0C8xf77uEYJcC9abj_e-lVpMk/getUpdates "HTTP/1.1 200 OK"
2024-10-25 16:34:05,029 - INFO - HTTP Request: POST https://api.telegram.org/bot7511422141:AAEKOUXryQ0C8xf77uEYJcC9abj_e-lVpMk/getUpdates "HTTP/1.1 200 OK"
2024-10-25 16:34:15,117 - INFO - HTTP Request: POST https://api.telegram.org/bot7511422141:AAEKOUXryQ0C8xf77uEYJcC9abj_e-lVpMk/getUpdates "HTTP/1.1 200 OK"
2024-10-25 16:34:25,204 - INFO - HTTP Request: POST https://api.telegram.org/bot7511422141:AAEKOUXryQ0C8xf77uEYJcC9abj_e-lVpMk/getUpdates "HTTP/1.1 200 OK"
2024-10-25 16:34:35,282 - INFO - HTTP Request: POST https://api.telegram.org/bot7511422141:AAEKOUXryQ0C8xf77uEYJcC9abj_e-lVpMk/getUpdates "HTTP/1.1 200 OK"
2024-10-25 16:34:45,371 - INFO - HTTP Request: POST https://api.telegram.org/bot7511422141:AAEKOUXryQ0C8xf77uEYJcC9abj_e-lVpMk/getUpdates "HTTP/1.1 200 OK"
2024-10-25 16:34:55,450 - INFO - HTTP Request: POST https://api.telegram.org/bot7511422141:AAEKOUXryQ0C8xf77uEYJcC9abj_e-lVpMk/getUpdates "HTTP/1.1 200 OK"
2024-10-25 16:35:05,524 - INFO - HTTP Request: POST https://api.telegram.org/bot7511422141:AAEKOUXryQ0C8xf77uEYJcC9abj_e-lVpMk/getUpdates "HTTP/1.1 200 OK"
2024-10-25 16:35:15,599 - INFO - HTTP Request: POST https://api.telegram.org/bot7511422141:AAEKOUXryQ0C8xf77uEYJcC9abj_e-lVpMk/getUpdates "HTTP/1.1 200 OK"
2024-10-25 16:35:25,670 - INFO - HTTP Request: POST https://api.telegram.org/bot7511422141:AAEKOUXryQ0C8xf77uEYJcC9abj_e-lVpMk/getUpdates "HTTP/1.1 200 OK"
2024-10-25 16:35:35,752 - INFO - HTTP Request: POST https://api.telegram.org/bot7511422141:AAEKOUXryQ0C8xf77uEYJcC9abj_e-lVpMk/getUpdates "HTTP/1.1 200 OK"
2024-10-25 16:35:45,823 - INFO - HTTP Request: POST https://api.telegram.org/bot7511422141:AAEKOUXryQ0C8xf77uEYJcC9abj_e-lVpMk/getUpdates "HTTP/1.1 200 OK"
2024-10-25 16:35:55,898 - INFO - HTTP Request: POST https://api.telegram.org/bot7511422141:AAEKOUXryQ0C8xf77uEYJcC9abj_e-lVpMk/getUpdates "HTTP/1.1 200 OK"
2024-10-25 16:36:05,974 - INFO - HTTP Request: POST https://api.telegram.org/bot7511422141:AAEKOUXryQ0C8xf77uEYJcC9abj_e-lVpMk/getUpdates "HTTP/1.1 200 OK"
2024-10-25 16:36:16,044 - INFO - HTTP Request: POST https://api.telegram.org/bot7511422141:AAEKOUXryQ0C8xf77uEYJcC9abj_e-lVpMk/getUpdates "HTTP/1.1 200 OK"
2024-10-25 16:36:26,135 - INFO - HTTP Request: POST https://api.telegram.org/bot7511422141:AAEKOUXryQ0C8xf77uEYJcC9abj_e-lVpMk/getUpdates "HTTP/1.1 200 OK"
2024-10-25 16:36:36,237 - INFO - HTTP Request: POST https://api.telegram.org/bot7511422141:AAEKOUXryQ0C8xf77uEYJcC9abj_e-lVpMk/getUpdates "HTTP/1.1 200 OK"
2024-10-25 16:36:46,328 - INFO - HTTP Request: POST https://api.telegram.org/bot7511422141:AAEKOUXryQ0C8xf77uEYJcC9abj_e-lVpMk/getUpdates "HTTP/1.1 200 OK"
2024-10-25 16:36:56,400 - INFO - HTTP Request: POST https://api.telegram.org/bot7511422141:AAEKOUXryQ0C8xf77uEYJcC9abj_e-lVpMk/getUpdates "HTTP/1.1 200 OK"
2024-10-25 16:37:06,475 - INFO - HTTP Request: POST https://api.telegram.org/bot7511422141:AAEKOUXryQ0C8xf77uEYJcC9abj_e-lVpMk/getUpdates "HTTP/1.1 200 OK"
2024-10-25 16:37:16,563 - INFO - HTTP Request: POST https://api.telegram.org/bot7511422141:AAEKOUXryQ0C8xf77uEYJcC9abj_e-lVpMk/getUpdates "HTTP/1.1 200 OK"
2024-10-25 16:37:26,633 - INFO - HTTP Request: POST https://api.telegram.org/bot7511422141:AAEKOUXryQ0C8xf77uEYJcC9abj_e-lVpMk/getUpdates "HTTP/1.1 200 OK"
2024-10-25 16:37:36,714 - INFO - HTTP Request: POST https://api.telegram.org/bot7511422141:AAEKOUXryQ0C8xf77uEYJcC9abj_e-lVpMk/getUpdates "HTTP/1.1 200 OK"
2024-10-25 16:37:46,788 - INFO - HTTP Request: POST https://api.telegram.org/bot7511422141:AAEKOUXryQ0C8xf77uEYJcC9abj_e-lVpMk/getUpdates "HTTP/1.1 200 OK"
2024-10-25 16:37:56,911 - INFO - HTTP Request: POST https://api.telegram.org/bot7511422141:AAEKOUXryQ0C8xf77uEYJcC9abj_e-lVpMk/getUpdates "HTTP/1.1 200 OK"
2024-10-25 16:38:06,994 - INFO - HTTP Request: POST https://api.telegram.org/bot7511422141:AAEKOUXryQ0C8xf77uEYJcC9abj_e-lVpMk/getUpdates "HTTP/1.1 200 OK"
2024-10-25 16:38:17,067 - INFO - HTTP Request: POST https://api.telegram.org/bot7511422141:AAEKOUXryQ0C8xf77uEYJcC9abj_e-lVpMk/getUpdates "HTTP/1.1 200 OK"
2024-10-25 16:38:27,145 - INFO - HTTP Request: POST https://api.telegram.org/bot7511422141:AAEKOUXryQ0C8xf77uEYJcC9abj_e-lVpMk/getUpdates "HTTP/1.1 200 OK"
2024-10-25 16:38:37,226 - INFO - HTTP Request: POST https://api.telegram.org/bot7511422141:AAEKOUXryQ0C8xf77uEYJcC9abj_e-lVpMk/getUpdates "HTTP/1.1 200 OK"
2024-10-25 16:38:47,302 - INFO - HTTP Request: POST https://api.telegram.org/bot7511422141:AAEKOUXryQ0C8xf77uEYJcC9abj_e-lVpMk/getUpdates "HTTP/1.1 200 OK"
2024-10-25 16:38:57,385 - INFO - HTTP Request: POST https://api.telegram.org/bot7511422141:AAEKOUXryQ0C8xf77uEYJcC9abj_e-lVpMk/getUpdates "HTTP/1.1 200 OK"
2024-10-25 16:39:07,473 - INFO - HTTP Request: POST https://api.telegram.org/bot7511422141:AAEKOUXryQ0C8xf77uEYJcC9abj_e-lVpMk/getUpdates "HTTP/1.1 200 OK"
2024-10-25 16:39:17,580 - INFO - HTTP Request: POST https://api.telegram.org/bot7511422141:AAEKOUXryQ0C8xf77uEYJcC9abj_e-lVpMk/getUpdates "HTTP/1.1 200 OK"
2024-10-25 16:39:27,663 - INFO - HTTP Request: POST https://api.telegram.org/bot7511422141:AAEKOUXryQ0C8xf77uEYJcC9abj_e-lVpMk/getUpdates "HTTP/1.1 200 OK"
2024-10-25 16:39:37,735 - INFO - HTTP Request: POST https://api.telegram.org/bot7511422141:AAEKOUXryQ0C8xf77uEYJcC9abj_e-lVpMk/getUpdates "HTTP/1.1 200 OK"
2024-10-25 16:39:47,811 - INFO - HTTP Request: POST https://api.telegram.org/bot7511422141:AAEKOUXryQ0C8xf77uEYJcC9abj_e-lVpMk/getUpdates "HTTP/1.1 200 OK"
2024-10-25 16:39:57,885 - INFO - HTTP Request: POST https://api.telegram.org/bot7511422141:AAEKOUXryQ0C8xf77uEYJcC9abj_e-lVpMk/getUpdates "HTTP/1.1 200 OK"
2024-10-25 16:40:07,964 - INFO - HTTP Request: POST https://api.telegram.org/bot7511422141:AAEKOUXryQ0C8xf77uEYJcC9abj_e-lVpMk/getUpdates "HTTP/1.1 200 OK"
2024-10-25 16:40:18,038 - INFO - HTTP Request: POST https://api.telegram.org/bot7511422141:AAEKOUXryQ0C8xf77uEYJcC9abj_e-lVpMk/getUpdates "HTTP/1.1 200 OK"
2024-10-25 16:40:28,123 - INFO - HTTP Request: POST https://api.telegram.org/bot7511422141:AAEKOUXryQ0C8xf77uEYJcC9abj_e-lVpMk/getUpdates "HTTP/1.1 200 OK"
2024-10-25 16:40:38,209 - INFO - HTTP Request: POST https://api.telegram.org/bot7511422141:AAEKOUXryQ0C8xf77uEYJcC9abj_e-lVpMk/getUpdates "HTTP/1.1 200 OK"
2024-10-25 16:40:48,293 - INFO - HTTP Request: POST https://api.telegram.org/bot7511422141:AAEKOUXryQ0C8xf77uEYJcC9abj_e-lVpMk/getUpdates "HTTP/1.1 200 OK"
2024-10-25 16:40:58,366 - INFO - HTTP Request: POST https://api.telegram.org/bot7511422141:AAEKOUXryQ0C8xf77uEYJcC9abj_e-lVpMk/getUpdates "HTTP/1.1 200 OK"
2024-10-25 16:41:08,436 - INFO - HTTP Request: POST https://api.telegram.org/bot7511422141:AAEKOUXryQ0C8xf77uEYJcC9abj_e-lVpMk/getUpdates "HTTP/1.1 200 OK"
2024-10-25 16:41:18,515 - INFO - HTTP Request: POST https://api.telegram.org/bot7511422141:AAEKOUXryQ0C8xf77uEYJcC9abj_e-lVpMk/getUpdates "HTTP/1.1 200 OK"
2024-10-25 16:41:28,589 - INFO - HTTP Request: POST https://api.telegram.org/bot7511422141:AAEKOUXryQ0C8xf77uEYJcC9abj_e-lVpMk/getUpdates "HTTP/1.1 200 OK"
2024-10-25 16:41:38,677 - INFO - HTTP Request: POST https://api.telegram.org/bot7511422141:AAEKOUXryQ0C8xf77uEYJcC9abj_e-lVpMk/getUpdates "HTTP/1.1 200 OK"
2024-10-25 16:41:48,754 - INFO - HTTP Request: POST https://api.telegram.org/bot7511422141:AAEKOUXryQ0C8xf77uEYJcC9abj_e-lVpMk/getUpdates "HTTP/1.1 200 OK"
2024-10-25 16:41:58,826 - INFO - HTTP Request: POST https://api.telegram.org/bot7511422141:AAEKOUXryQ0C8xf77uEYJcC9abj_e-lVpMk/getUpdates "HTTP/1.1 200 OK"
2024-10-25 16:42:08,897 - INFO - HTTP Request: POST https://api.telegram.org/bot7511422141:AAEKOUXryQ0C8xf77uEYJcC9abj_e-lVpMk/getUpdates "HTTP/1.1 200 OK"
2024-10-25 16:42:18,970 - INFO - HTTP Request: POST https://api.telegram.org/bot7511422141:AAEKOUXryQ0C8xf77uEYJcC9abj_e-lVpMk/getUpdates "HTTP/1.1 200 OK"
2024-10-25 16:42:29,071 - INFO - HTTP Request: POST https://api.telegram.org/bot7511422141:AAEKOUXryQ0C8xf77uEYJcC9abj_e-lVpMk/getUpdates "HTTP/1.1 200 OK"
2024-10-25 16:42:39,153 - INFO - HTTP Request: POST https://api.telegram.org/bot7511422141:AAEKOUXryQ0C8xf77uEYJcC9abj_e-lVpMk/getUpdates "HTTP/1.1 200 OK"
2024-10-25 16:42:49,225 - INFO - HTTP Request: POST https://api.telegram.org/bot7511422141:AAEKOUXryQ0C8xf77uEYJcC9abj_e-lVpMk/getUpdates "HTTP/1.1 200 OK"
2024-10-25 16:42:59,300 - INFO - HTTP Request: POST https://api.telegram.org/bot7511422141:AAEKOUXryQ0C8xf77uEYJcC9abj_e-lVpMk/getUpdates "HTTP/1.1 200 OK"
2024-10-25 16:43:09,371 - INFO - HTTP Request: POST https://api.telegram.org/bot7511422141:AAEKOUXryQ0C8xf77uEYJcC9abj_e-lVpMk/getUpdates "HTTP/1.1 200 OK"
2024-10-25 16:43:19,442 - INFO - HTTP Request: POST https://api.telegram.org/bot7511422141:AAEKOUXryQ0C8xf77uEYJcC9abj_e-lVpMk/getUpdates "HTTP/1.1 200 OK"
2024-10-25 16:43:29,575 - INFO - HTTP Request: POST https://api.telegram.org/bot7511422141:AAEKOUXryQ0C8xf77uEYJcC9abj_e-lVpMk/getUpdates "HTTP/1.1 200 OK"
2024-10-25 16:43:39,650 - INFO - HTTP Request: POST https://api.telegram.org/bot7511422141:AAEKOUXryQ0C8xf77uEYJcC9abj_e-lVpMk/getUpdates "HTTP/1.1 200 OK"
2024-10-25 16:43:49,735 - INFO - HTTP Request: POST https://api.telegram.org/bot7511422141:AAEKOUXryQ0C8xf77uEYJcC9abj_e-lVpMk/getUpdates "HTTP/1.1 200 OK"
2024-10-25 16:43:59,815 - INFO - HTTP Request: POST https://api.telegram.org/bot7511422141:AAEKOUXryQ0C8xf77uEYJcC9abj_e-lVpMk/getUpdates "HTTP/1.1 200 OK"
2024-10-25 16:44:09,892 - INFO - HTTP Request: POST https://api.telegram.org/bot7511422141:AAEKOUXryQ0C8xf77uEYJcC9abj_e-lVpMk/getUpdates "HTTP/1.1 200 OK"
2024-10-25 16:44:19,974 - INFO - HTTP Request: POST https://api.telegram.org/bot7511422141:AAEKOUXryQ0C8xf77uEYJcC9abj_e-lVpMk/getUpdates "HTTP/1.1 200 OK"
2024-10-25 16:44:30,058 - INFO - HTTP Request: POST https://api.telegram.org/bot7511422141:AAEKOUXryQ0C8xf77uEYJcC9abj_e-lVpMk/getUpdates "HTTP/1.1 200 OK"
2024-10-25 16:44:40,134 - INFO - HTTP Request: POST https://api.telegram.org/bot7511422141:AAEKOUXryQ0C8xf77uEYJcC9abj_e-lVpMk/getUpdates "HTTP/1.1 200 OK"
2024-10-25 16:44:50,204 - INFO - HTTP Request: POST https://api.telegram.org/bot7511422141:AAEKOUXryQ0C8xf77uEYJcC9abj_e-lVpMk/getUpdates "HTTP/1.1 200 OK"
2024-10-25 16:45:00,284 - INFO - HTTP Request: POST https://api.telegram.org/bot7511422141:AAEKOUXryQ0C8xf77uEYJcC9abj_e-lVpMk/getUpdates "HTTP/1.1 200 OK"
2024-10-25 16:45:10,356 - INFO - HTTP Request: POST https://api.telegram.org/bot7511422141:AAEKOUXryQ0C8xf77uEYJcC9abj_e-lVpMk/getUpdates "HTTP/1.1 200 OK"
2024-10-25 16:45:20,435 - INFO - HTTP Request: POST https://api.telegram.org/bot7511422141:AAEKOUXryQ0C8xf77uEYJcC9abj_e-lVpMk/getUpdates "HTTP/1.1 200 OK"
2024-10-25 16:45:30,516 - INFO - HTTP Request: POST https://api.telegram.org/bot7511422141:AAEKOUXryQ0C8xf77uEYJcC9abj_e-lVpMk/getUpdates "HTTP/1.1 200 OK"
2024-10-25 16:45:40,607 - INFO - HTTP Request: POST https://api.telegram.org/bot7511422141:AAEKOUXryQ0C8xf77uEYJcC9abj_e-lVpMk/getUpdates "HTTP/1.1 200 OK"
2024-10-25 16:45:50,692 - INFO - HTTP Request: POST https://api.telegram.org/bot7511422141:AAEKOUXryQ0C8xf77uEYJcC9abj_e-lVpMk/getUpdates "HTTP/1.1 200 OK"
2024-10-25 16:46:00,769 - INFO - HTTP Request: POST https://api.telegram.org/bot7511422141:AAEKOUXryQ0C8xf77uEYJcC9abj_e-lVpMk/getUpdates "HTTP/1.1 200 OK"
2024-10-25 16:46:10,908 - INFO - HTTP Request: POST https://api.telegram.org/bot7511422141:AAEKOUXryQ0C8xf77uEYJcC9abj_e-lVpMk/getUpdates "HTTP/1.1 200 OK"
2024-10-25 16:46:20,980 - INFO - HTTP Request: POST https://api.telegram.org/bot7511422141:AAEKOUXryQ0C8xf77uEYJcC9abj_e-lVpMk/getUpdates "HTTP/1.1 200 OK"
2024-10-25 16:46:31,052 - INFO - HTTP Request: POST https://api.telegram.org/bot7511422141:AAEKOUXryQ0C8xf77uEYJcC9abj_e-lVpMk/getUpdates "HTTP/1.1 200 OK"
2024-10-25 16:46:41,125 - INFO - HTTP Request: POST https://api.telegram.org/bot7511422141:AAEKOUXryQ0C8xf77uEYJcC9abj_e-lVpMk/getUpdates "HTTP/1.1 200 OK"
2024-10-25 16:46:51,207 - INFO - HTTP Request: POST https://api.telegram.org/bot7511422141:AAEKOUXryQ0C8xf77uEYJcC9abj_e-lVpMk/getUpdates "HTTP/1.1 200 OK"
2024-10-25 16:47:01,295 - INFO - HTTP Request: POST https://api.telegram.org/bot7511422141:AAEKOUXryQ0C8xf77uEYJcC9abj_e-lVpMk/getUpdates "HTTP/1.1 200 OK"
2024-10-25 16:47:11,377 - INFO - HTTP Request: POST https://api.telegram.org/bot7511422141:AAEKOUXryQ0C8xf77uEYJcC9abj_e-lVpMk/getUpdates "HTTP/1.1 200 OK"
2024-10-25 16:47:21,457 - INFO - HTTP Request: POST https://api.telegram.org/bot7511422141:AAEKOUXryQ0C8xf77uEYJcC9abj_e-lVpMk/getUpdates "HTTP/1.1 200 OK"
2024-10-25 16:47:31,555 - INFO - HTTP Request: POST https://api.telegram.org/bot7511422141:AAEKOUXryQ0C8xf77uEYJcC9abj_e-lVpMk/getUpdates "HTTP/1.1 200 OK"
2024-10-25 16:47:41,627 - INFO - HTTP Request: POST https://api.telegram.org/bot7511422141:AAEKOUXryQ0C8xf77uEYJcC9abj_e-lVpMk/getUpdates "HTTP/1.1 200 OK"
2024-10-25 16:47:51,700 - INFO - HTTP Request: POST https://api.telegram.org/bot7511422141:AAEKOUXryQ0C8xf77uEYJcC9abj_e-lVpMk/getUpdates "HTTP/1.1 200 OK"
2024-10-25 16:48:01,781 - INFO - HTTP Request: POST https://api.telegram.org/bot7511422141:AAEKOUXryQ0C8xf77uEYJcC9abj_e-lVpMk/getUpdates "HTTP/1.1 200 OK"
2024-10-25 16:48:11,867 - INFO - HTTP Request: POST https://api.telegram.org/bot7511422141:AAEKOUXryQ0C8xf77uEYJcC9abj_e-lVpMk/getUpdates "HTTP/1.1 200 OK"
2024-10-25 16:48:22,380 - INFO - HTTP Request: POST https://api.telegram.org/bot7511422141:AAEKOUXryQ0C8xf77uEYJcC9abj_e-lVpMk/getUpdates "HTTP/1.1 200 OK"
2024-10-25 16:48:32,464 - INFO - HTTP Request: POST https://api.telegram.org/bot7511422141:AAEKOUXryQ0C8xf77uEYJcC9abj_e-lVpMk/getUpdates "HTTP/1.1 200 OK"
2024-10-25 16:48:42,545 - INFO - HTTP Request: POST https://api.telegram.org/bot7511422141:AAEKOUXryQ0C8xf77uEYJcC9abj_e-lVpMk/getUpdates "HTTP/1.1 200 OK"
2024-10-25 16:48:52,618 - INFO - HTTP Request: POST https://api.telegram.org/bot7511422141:AAEKOUXryQ0C8xf77uEYJcC9abj_e-lVpMk/getUpdates "HTTP/1.1 200 OK"
2024-10-25 16:49:02,699 - INFO - HTTP Request: POST https://api.telegram.org/bot7511422141:AAEKOUXryQ0C8xf77uEYJcC9abj_e-lVpMk/getUpdates "HTTP/1.1 200 OK"
2024-10-25 16:49:12,782 - INFO - HTTP Request: POST https://api.telegram.org/bot7511422141:AAEKOUXryQ0C8xf77uEYJcC9abj_e-lVpMk/getUpdates "HTTP/1.1 200 OK"
2024-10-25 16:49:22,895 - INFO - HTTP Request: POST https://api.telegram.org/bot7511422141:AAEKOUXryQ0C8xf77uEYJcC9abj_e-lVpMk/getUpdates "HTTP/1.1 200 OK"
2024-10-25 16:49:32,976 - INFO - HTTP Request: POST https://api.telegram.org/bot7511422141:AAEKOUXryQ0C8xf77uEYJcC9abj_e-lVpMk/getUpdates "HTTP/1.1 200 OK"
2024-10-25 16:49:43,060 - INFO - HTTP Request: POST https://api.telegram.org/bot7511422141:AAEKOUXryQ0C8xf77uEYJcC9abj_e-lVpMk/getUpdates "HTTP/1.1 200 OK"
2024-10-25 16:49:53,130 - INFO - HTTP Request: POST https://api.telegram.org/bot7511422141:AAEKOUXryQ0C8xf77uEYJcC9abj_e-lVpMk/getUpdates "HTTP/1.1 200 OK"
2024-10-25 16:50:03,201 - INFO - HTTP Request: POST https://api.telegram.org/bot7511422141:AAEKOUXryQ0C8xf77uEYJcC9abj_e-lVpMk/getUpdates "HTTP/1.1 200 OK"
2024-10-25 16:50:13,273 - INFO - HTTP Request: POST https://api.telegram.org/bot7511422141:AAEKOUXryQ0C8xf77uEYJcC9abj_e-lVpMk/getUpdates "HTTP/1.1 200 OK"
2024-10-25 16:50:23,341 - INFO - HTTP Request: POST https://api.telegram.org/bot7511422141:AAEKOUXryQ0C8xf77uEYJcC9abj_e-lVpMk/getUpdates "HTTP/1.1 200 OK"
2024-10-25 16:50:33,429 - INFO - HTTP Request: POST https://api.telegram.org/bot7511422141:AAEKOUXryQ0C8xf77uEYJcC9abj_e-lVpMk/getUpdates "HTTP/1.1 200 OK"
2024-10-25 16:50:43,508 - INFO - HTTP Request: POST https://api.telegram.org/bot7511422141:AAEKOUXryQ0C8xf77uEYJcC9abj_e-lVpMk/getUpdates "HTTP/1.1 200 OK"
2024-10-25 16:50:53,591 - INFO - HTTP Request: POST https://api.telegram.org/bot7511422141:AAEKOUXryQ0C8xf77uEYJcC9abj_e-lVpMk/getUpdates "HTTP/1.1 200 OK"
2024-10-25 16:51:03,743 - INFO - HTTP Request: POST https://api.telegram.org/bot7511422141:AAEKOUXryQ0C8xf77uEYJcC9abj_e-lVpMk/getUpdates "HTTP/1.1 200 OK"
2024-10-25 16:51:13,814 - INFO - HTTP Request: POST https://api.telegram.org/bot7511422141:AAEKOUXryQ0C8xf77uEYJcC9abj_e-lVpMk/getUpdates "HTTP/1.1 200 OK"
2024-10-25 16:51:23,897 - INFO - HTTP Request: POST https://api.telegram.org/bot7511422141:AAEKOUXryQ0C8xf77uEYJcC9abj_e-lVpMk/getUpdates "HTTP/1.1 200 OK"
2024-10-25 16:51:33,965 - INFO - HTTP Request: POST https://api.telegram.org/bot7511422141:AAEKOUXryQ0C8xf77uEYJcC9abj_e-lVpMk/getUpdates "HTTP/1.1 200 OK"
2024-10-25 16:51:44,044 - INFO - HTTP Request: POST https://api.telegram.org/bot7511422141:AAEKOUXryQ0C8xf77uEYJcC9abj_e-lVpMk/getUpdates "HTTP/1.1 200 OK"
2024-10-25 16:51:54,111 - INFO - HTTP Request: POST https://api.telegram.org/bot7511422141:AAEKOUXryQ0C8xf77uEYJcC9abj_e-lVpMk/getUpdates "HTTP/1.1 200 OK"
2024-10-25 16:52:04,185 - INFO - HTTP Request: POST https://api.telegram.org/bot7511422141:AAEKOUXryQ0C8xf77uEYJcC9abj_e-lVpMk/getUpdates "HTTP/1.1 200 OK"
2024-10-25 16:52:14,253 - INFO - HTTP Request: POST https://api.telegram.org/bot7511422141:AAEKOUXryQ0C8xf77uEYJcC9abj_e-lVpMk/getUpdates "HTTP/1.1 200 OK"
2024-10-25 16:52:24,322 - INFO - HTTP Request: POST https://api.telegram.org/bot7511422141:AAEKOUXryQ0C8xf77uEYJcC9abj_e-lVpMk/getUpdates "HTTP/1.1 200 OK"
2024-10-25 16:52:34,391 - INFO - HTTP Request: POST https://api.telegram.org/bot7511422141:AAEKOUXryQ0C8xf77uEYJcC9abj_e-lVpMk/getUpdates "HTTP/1.1 200 OK"
2024-10-25 16:52:44,494 - INFO - HTTP Request: POST https://api.telegram.org/bot7511422141:AAEKOUXryQ0C8xf77uEYJcC9abj_e-lVpMk/getUpdates "HTTP/1.1 200 OK"
2024-10-25 16:52:54,576 - INFO - HTTP Request: POST https://api.telegram.org/bot7511422141:AAEKOUXryQ0C8xf77uEYJcC9abj_e-lVpMk/getUpdates "HTTP/1.1 200 OK"
2024-10-25 16:53:04,646 - INFO - HTTP Request: POST https://api.telegram.org/bot7511422141:AAEKOUXryQ0C8xf77uEYJcC9abj_e-lVpMk/getUpdates "HTTP/1.1 200 OK"
2024-10-25 16:53:14,716 - INFO - HTTP Request: POST https://api.telegram.org/bot7511422141:AAEKOUXryQ0C8xf77uEYJcC9abj_e-lVpMk/getUpdates "HTTP/1.1 200 OK"
2024-10-25 16:53:24,786 - INFO - HTTP Request: POST https://api.telegram.org/bot7511422141:AAEKOUXryQ0C8xf77uEYJcC9abj_e-lVpMk/getUpdates "HTTP/1.1 200 OK"
2024-10-25 16:53:34,864 - INFO - HTTP Request: POST https://api.telegram.org/bot7511422141:AAEKOUXryQ0C8xf77uEYJcC9abj_e-lVpMk/getUpdates "HTTP/1.1 200 OK"
2024-10-25 16:53:44,934 - INFO - HTTP Request: POST https://api.telegram.org/bot7511422141:AAEKOUXryQ0C8xf77uEYJcC9abj_e-lVpMk/getUpdates "HTTP/1.1 200 OK"
2024-10-25 16:53:55,006 - INFO - HTTP Request: POST https://api.telegram.org/bot7511422141:AAEKOUXryQ0C8xf77uEYJcC9abj_e-lVpMk/getUpdates "HTTP/1.1 200 OK"
2024-10-25 16:54:05,074 - INFO - HTTP Request: POST https://api.telegram.org/bot7511422141:AAEKOUXryQ0C8xf77uEYJcC9abj_e-lVpMk/getUpdates "HTTP/1.1 200 OK"
2024-10-25 16:54:15,142 - INFO - HTTP Request: POST https://api.telegram.org/bot7511422141:AAEKOUXryQ0C8xf77uEYJcC9abj_e-lVpMk/getUpdates "HTTP/1.1 200 OK"
2024-10-25 16:54:25,213 - INFO - HTTP Request: POST https://api.telegram.org/bot7511422141:AAEKOUXryQ0C8xf77uEYJcC9abj_e-lVpMk/getUpdates "HTTP/1.1 200 OK"
2024-10-25 16:54:35,284 - INFO - HTTP Request: POST https://api.telegram.org/bot7511422141:AAEKOUXryQ0C8xf77uEYJcC9abj_e-lVpMk/getUpdates "HTTP/1.1 200 OK"
2024-10-25 16:54:45,356 - INFO - HTTP Request: POST https://api.telegram.org/bot7511422141:AAEKOUXryQ0C8xf77uEYJcC9abj_e-lVpMk/getUpdates "HTTP/1.1 200 OK"
2024-10-25 16:54:55,426 - INFO - HTTP Request: POST https://api.telegram.org/bot7511422141:AAEKOUXryQ0C8xf77uEYJcC9abj_e-lVpMk/getUpdates "HTTP/1.1 200 OK"
2024-10-25 16:55:05,506 - INFO - HTTP Request: POST https://api.telegram.org/bot7511422141:AAEKOUXryQ0C8xf77uEYJcC9abj_e-lVpMk/getUpdates "HTTP/1.1 200 OK"
2024-10-25 16:55:15,580 - INFO - HTTP Request: POST https://api.telegram.org/bot7511422141:AAEKOUXryQ0C8xf77uEYJcC9abj_e-lVpMk/getUpdates "HTTP/1.1 200 OK"
2024-10-25 16:55:25,667 - INFO - HTTP Request: POST https://api.telegram.org/bot7511422141:AAEKOUXryQ0C8xf77uEYJcC9abj_e-lVpMk/getUpdates "HTTP/1.1 200 OK"
2024-10-25 16:55:35,742 - INFO - HTTP Request: POST https://api.telegram.org/bot7511422141:AAEKOUXryQ0C8xf77uEYJcC9abj_e-lVpMk/getUpdates "HTTP/1.1 200 OK"
2024-10-25 16:55:45,857 - INFO - HTTP Request: POST https://api.telegram.org/bot7511422141:AAEKOUXryQ0C8xf77uEYJcC9abj_e-lVpMk/getUpdates "HTTP/1.1 200 OK"
2024-10-25 16:55:55,935 - INFO - HTTP Request: POST https://api.telegram.org/bot7511422141:AAEKOUXryQ0C8xf77uEYJcC9abj_e-lVpMk/getUpdates "HTTP/1.1 200 OK"
2024-10-25 16:56:06,004 - INFO - HTTP Request: POST https://api.telegram.org/bot7511422141:AAEKOUXryQ0C8xf77uEYJcC9abj_e-lVpMk/getUpdates "HTTP/1.1 200 OK"
2024-10-25 16:56:16,074 - INFO - HTTP Request: POST https://api.telegram.org/bot7511422141:AAEKOUXryQ0C8xf77uEYJcC9abj_e-lVpMk/getUpdates "HTTP/1.1 200 OK"
2024-10-25 16:56:26,156 - INFO - HTTP Request: POST https://api.telegram.org/bot7511422141:AAEKOUXryQ0C8xf77uEYJcC9abj_e-lVpMk/getUpdates "HTTP/1.1 200 OK"
2024-10-25 16:56:36,226 - INFO - HTTP Request: POST https://api.telegram.org/bot7511422141:AAEKOUXryQ0C8xf77uEYJcC9abj_e-lVpMk/getUpdates "HTTP/1.1 200 OK"
2024-10-25 16:56:46,296 - INFO - HTTP Request: POST https://api.telegram.org/bot7511422141:AAEKOUXryQ0C8xf77uEYJcC9abj_e-lVpMk/getUpdates "HTTP/1.1 200 OK"
2024-10-25 16:56:56,367 - INFO - HTTP Request: POST https://api.telegram.org/bot7511422141:AAEKOUXryQ0C8xf77uEYJcC9abj_e-lVpMk/getUpdates "HTTP/1.1 200 OK"
2024-10-25 16:57:06,446 - INFO - HTTP Request: POST https://api.telegram.org/bot7511422141:AAEKOUXryQ0C8xf77uEYJcC9abj_e-lVpMk/getUpdates "HTTP/1.1 200 OK"
2024-10-25 16:57:16,516 - INFO - HTTP Request: POST https://api.telegram.org/bot7511422141:AAEKOUXryQ0C8xf77uEYJcC9abj_e-lVpMk/getUpdates "HTTP/1.1 200 OK"
2024-10-25 16:57:26,584 - INFO - HTTP Request: POST https://api.telegram.org/bot7511422141:AAEKOUXryQ0C8xf77uEYJcC9abj_e-lVpMk/getUpdates "HTTP/1.1 200 OK"
2024-10-25 16:57:36,651 - INFO - HTTP Request: POST https://api.telegram.org/bot7511422141:AAEKOUXryQ0C8xf77uEYJcC9abj_e-lVpMk/getUpdates "HTTP/1.1 200 OK"
2024-10-25 16:57:46,721 - INFO - HTTP Request: POST https://api.telegram.org/bot7511422141:AAEKOUXryQ0C8xf77uEYJcC9abj_e-lVpMk/getUpdates "HTTP/1.1 200 OK"
2024-10-25 16:57:56,791 - INFO - HTTP Request: POST https://api.telegram.org/bot7511422141:AAEKOUXryQ0C8xf77uEYJcC9abj_e-lVpMk/getUpdates "HTTP/1.1 200 OK"
2024-10-25 16:58:06,871 - INFO - HTTP Request: POST https://api.telegram.org/bot7511422141:AAEKOUXryQ0C8xf77uEYJcC9abj_e-lVpMk/getUpdates "HTTP/1.1 200 OK"
2024-10-25 16:58:16,940 - INFO - HTTP Request: POST https://api.telegram.org/bot7511422141:AAEKOUXryQ0C8xf77uEYJcC9abj_e-lVpMk/getUpdates "HTTP/1.1 200 OK"
2024-10-25 16:58:27,008 - INFO - HTTP Request: POST https://api.telegram.org/bot7511422141:AAEKOUXryQ0C8xf77uEYJcC9abj_e-lVpMk/getUpdates "HTTP/1.1 200 OK"
2024-10-25 16:58:36,849 - INFO - Application is stopping. This might take a moment.
2024-10-25 16:58:36,859 - INFO - Scheduler has been shut down
2024-10-25 16:58:36,860 - INFO - Application.stop() complete
